171  [main] DEBUG icaro.infraestructura.patronAgenteReactivo.factoriaEInterfaces.imp.AgenteReactivoImp2  - Iniciador: arranca()
936  [pool-1-thread-1] DEBUG icaro.infraestructura.patronAgenteReactivo.factoriaEInterfaces.imp.AgenteReactivoImp2  - GestorOrganizacion: arranca()
998  [pool-1-thread-1] DEBUG icaro.infraestructura.patronAgenteReactivo.factoriaEInterfaces.imp.AgenteReactivoImp2  - Iniciador: termina()
1076 [pool-2-thread-1] DEBUG icaro.infraestructura.patronAgenteReactivo.factoriaEInterfaces.imp.AgenteReactivoImp2  - GestorRecursos: arranca()
1123 [pool-2-thread-1] DEBUG icaro.infraestructura.patronAgenteReactivo.factoriaEInterfaces.imp.AgenteReactivoImp2  - GestorAgentes: arranca()
5444 [AWT-EventQueue-0] DEBUG icaro.infraestructura.patronAgenteReactivo.factoriaEInterfaces.imp.AgenteReactivoImp2  - GestorOrganizacion: Ha llegado un evento por el interfaz de Uso:icaro.infraestructura.entidadesBasicas.comunicacion.EventoRecAgte@28e39e1c
6489 [pool-2-thread-1] DEBUG icaro.infraestructura.patronAgenteReactivo.factoriaEInterfaces.imp.AgenteReactivoImp2  - GestorOrganizacion: Ha llegado un evento por el interfaz de Uso:icaro.infraestructura.entidadesBasicas.comunicacion.EventoRecAgte@2a9d8e81
6505 [pool-2-thread-1] DEBUG icaro.infraestructura.patronAgenteReactivo.factoriaEInterfaces.imp.AgenteReactivoImp2  - GestorOrganizacion: Ha llegado un evento por el interfaz de Uso:icaro.infraestructura.entidadesBasicas.comunicacion.EventoRecAgte@5deb594e
6552 [pool-2-thread-1] DEBUG icaro.infraestructura.patronAgenteReactivo.factoriaEInterfaces.imp.AgenteReactivoImp2  - GestorAgentes: Ha llegado un mensaje por el interfaz de Uso:Emisor: GestorOrganizacion, Receptor: GestorAgentes
8580 [Thread-4] DEBUG icaro.infraestructura.patronAgenteReactivo.factoriaEInterfaces.imp.AgenteReactivoImp2  - GestorOrganizacion: Ha llegado un evento por el interfaz de Uso:icaro.infraestructura.entidadesBasicas.comunicacion.EventoRecAgte@eb17c27
8642 [pool-2-thread-1] DEBUG icaro.infraestructura.patronAgenteReactivo.factoriaEInterfaces.imp.AgenteReactivoImp2  - GestorRecursos: Ha llegado un mensaje por el interfaz de Uso:Emisor: GestorOrganizacion, Receptor: GestorRecursos
8689 [pool-3-thread-1] DEBUG icaro.infraestructura.patronAgenteReactivo.factoriaEInterfaces.imp.AgenteReactivoImp2  - GestorRecursos: termina()
10670 [Thread-5] DEBUG icaro.infraestructura.patronAgenteReactivo.factoriaEInterfaces.imp.AgenteReactivoImp2  - GestorOrganizacion: Ha llegado un evento por el interfaz de Uso:icaro.infraestructura.entidadesBasicas.comunicacion.EventoRecAgte@7475a3df
10733 [pool-2-thread-1] DEBUG icaro.infraestructura.patronAgenteReactivo.factoriaEInterfaces.imp.AgenteReactivoImp2  - GestorOrganizacion: termina()
202  [main] DEBUG icaro.infraestructura.patronAgenteReactivo.factoriaEInterfaces.imp.AgenteReactivoImp2  - Iniciador: arranca()
936  [pool-1-thread-1] DEBUG icaro.infraestructura.patronAgenteReactivo.factoriaEInterfaces.imp.AgenteReactivoImp2  - GestorOrganizacion: arranca()
982  [pool-1-thread-1] DEBUG icaro.infraestructura.patronAgenteReactivo.factoriaEInterfaces.imp.AgenteReactivoImp2  - Iniciador: termina()
1076 [pool-2-thread-1] DEBUG icaro.infraestructura.patronAgenteReactivo.factoriaEInterfaces.imp.AgenteReactivoImp2  - GestorRecursos: arranca()
1123 [pool-2-thread-1] DEBUG icaro.infraestructura.patronAgenteReactivo.factoriaEInterfaces.imp.AgenteReactivoImp2  - GestorAgentes: arranca()
171038 [AWT-EventQueue-0] DEBUG icaro.infraestructura.patronAgenteReactivo.factoriaEInterfaces.imp.AgenteReactivoImp2  - GestorOrganizacion: Ha llegado un evento por el interfaz de Uso:icaro.infraestructura.entidadesBasicas.comunicacion.EventoRecAgte@17ff45f1
172442 [pool-2-thread-1] DEBUG icaro.infraestructura.patronAgenteReactivo.factoriaEInterfaces.imp.AgenteReactivoImp2  - GestorOrganizacion: Ha llegado un evento por el interfaz de Uso:icaro.infraestructura.entidadesBasicas.comunicacion.EventoRecAgte@36ea51f7
172442 [pool-2-thread-1] DEBUG icaro.infraestructura.patronAgenteReactivo.factoriaEInterfaces.imp.AgenteReactivoImp2  - GestorOrganizacion: Ha llegado un evento por el interfaz de Uso:icaro.infraestructura.entidadesBasicas.comunicacion.EventoRecAgte@2171c565
172520 [pool-2-thread-1] DEBUG icaro.infraestructura.patronAgenteReactivo.factoriaEInterfaces.imp.AgenteReactivoImp2  - GestorAgentes: Ha llegado un mensaje por el interfaz de Uso:Emisor: GestorOrganizacion, Receptor: GestorAgentes
174548 [Thread-4] DEBUG icaro.infraestructura.patronAgenteReactivo.factoriaEInterfaces.imp.AgenteReactivoImp2  - GestorOrganizacion: Ha llegado un evento por el interfaz de Uso:icaro.infraestructura.entidadesBasicas.comunicacion.EventoRecAgte@2e016a3
174626 [pool-2-thread-1] DEBUG icaro.infraestructura.patronAgenteReactivo.factoriaEInterfaces.imp.AgenteReactivoImp2  - GestorRecursos: Ha llegado un mensaje por el interfaz de Uso:Emisor: GestorOrganizacion, Receptor: GestorRecursos
174657 [pool-3-thread-1] DEBUG icaro.infraestructura.patronAgenteReactivo.factoriaEInterfaces.imp.AgenteReactivoImp2  - GestorRecursos: termina()
176639 [Thread-5] DEBUG icaro.infraestructura.patronAgenteReactivo.factoriaEInterfaces.imp.AgenteReactivoImp2  - GestorOrganizacion: Ha llegado un evento por el interfaz de Uso:icaro.infraestructura.entidadesBasicas.comunicacion.EventoRecAgte@4df043ed
176717 [pool-2-thread-1] DEBUG icaro.infraestructura.patronAgenteReactivo.factoriaEInterfaces.imp.AgenteReactivoImp2  - GestorOrganizacion: termina()
10936 [main] DEBUG icaro.infraestructura.patronAgenteReactivo.factoriaEInterfaces.imp.AgenteReactivoImp2  - Iniciador: arranca()
11388 [pool-1-thread-1] DEBUG icaro.infraestructura.patronAgenteReactivo.factoriaEInterfaces.imp.AgenteReactivoImp2  - GestorOrganizacion: arranca()
11435 [pool-1-thread-1] DEBUG icaro.infraestructura.patronAgenteReactivo.factoriaEInterfaces.imp.AgenteReactivoImp2  - Iniciador: termina()
11513 [pool-2-thread-1] DEBUG icaro.infraestructura.patronAgenteReactivo.factoriaEInterfaces.imp.AgenteReactivoImp2  - GestorRecursos: arranca()
11560 [pool-2-thread-1] DEBUG icaro.infraestructura.patronAgenteReactivo.factoriaEInterfaces.imp.AgenteReactivoImp2  - GestorAgentes: arranca()
55942 [AWT-EventQueue-0] DEBUG icaro.infraestructura.patronAgenteReactivo.factoriaEInterfaces.imp.AgenteReactivoImp2  - GestorOrganizacion: Ha llegado un evento por el interfaz de Uso:icaro.infraestructura.entidadesBasicas.comunicacion.EventoRecAgte@11159db6
57065 [pool-2-thread-1] DEBUG icaro.infraestructura.patronAgenteReactivo.factoriaEInterfaces.imp.AgenteReactivoImp2  - GestorOrganizacion: Ha llegado un evento por el interfaz de Uso:icaro.infraestructura.entidadesBasicas.comunicacion.EventoRecAgte@71f81079
57081 [pool-2-thread-1] DEBUG icaro.infraestructura.patronAgenteReactivo.factoriaEInterfaces.imp.AgenteReactivoImp2  - GestorOrganizacion: Ha llegado un evento por el interfaz de Uso:icaro.infraestructura.entidadesBasicas.comunicacion.EventoRecAgte@44d4541
57112 [pool-2-thread-1] DEBUG icaro.infraestructura.patronAgenteReactivo.factoriaEInterfaces.imp.AgenteReactivoImp2  - GestorAgentes: Ha llegado un mensaje por el interfaz de Uso:Emisor: GestorOrganizacion, Receptor: GestorAgentes
59140 [Thread-4] DEBUG icaro.infraestructura.patronAgenteReactivo.factoriaEInterfaces.imp.AgenteReactivoImp2  - GestorOrganizacion: Ha llegado un evento por el interfaz de Uso:icaro.infraestructura.entidadesBasicas.comunicacion.EventoRecAgte@62fa7d99
59202 [pool-2-thread-1] DEBUG icaro.infraestructura.patronAgenteReactivo.factoriaEInterfaces.imp.AgenteReactivoImp2  - GestorRecursos: Ha llegado un mensaje por el interfaz de Uso:Emisor: GestorOrganizacion, Receptor: GestorRecursos
59234 [pool-3-thread-1] DEBUG icaro.infraestructura.patronAgenteReactivo.factoriaEInterfaces.imp.AgenteReactivoImp2  - GestorRecursos: termina()
61215 [Thread-5] DEBUG icaro.infraestructura.patronAgenteReactivo.factoriaEInterfaces.imp.AgenteReactivoImp2  - GestorOrganizacion: Ha llegado un evento por el interfaz de Uso:icaro.infraestructura.entidadesBasicas.comunicacion.EventoRecAgte@763af5db
61277 [pool-2-thread-1] DEBUG icaro.infraestructura.patronAgenteReactivo.factoriaEInterfaces.imp.AgenteReactivoImp2  - GestorOrganizacion: termina()
125  [main] DEBUG icaro.infraestructura.patronAgenteReactivo.factoriaEInterfaces.imp.AgenteReactivoImp2  - Iniciador: arranca()
655  [pool-1-thread-1] DEBUG icaro.infraestructura.patronAgenteReactivo.factoriaEInterfaces.imp.AgenteReactivoImp2  - GestorOrganizacion: arranca()
702  [pool-1-thread-1] DEBUG icaro.infraestructura.patronAgenteReactivo.factoriaEInterfaces.imp.AgenteReactivoImp2  - Iniciador: termina()
780  [pool-2-thread-1] DEBUG icaro.infraestructura.patronAgenteReactivo.factoriaEInterfaces.imp.AgenteReactivoImp2  - GestorRecursos: arranca()
827  [pool-2-thread-1] DEBUG icaro.infraestructura.patronAgenteReactivo.factoriaEInterfaces.imp.AgenteReactivoImp2  - GestorAgentes: arranca()
125  [main] DEBUG icaro.infraestructura.patronAgenteReactivo.factoriaEInterfaces.imp.AgenteReactivoImp2  - Iniciador: arranca()
546  [pool-1-thread-1] DEBUG icaro.infraestructura.patronAgenteReactivo.factoriaEInterfaces.imp.AgenteReactivoImp2  - GestorOrganizacion: arranca()
593  [pool-1-thread-1] DEBUG icaro.infraestructura.patronAgenteReactivo.factoriaEInterfaces.imp.AgenteReactivoImp2  - Iniciador: termina()
686  [pool-2-thread-1] DEBUG icaro.infraestructura.patronAgenteReactivo.factoriaEInterfaces.imp.AgenteReactivoImp2  - GestorRecursos: arranca()
733  [pool-2-thread-1] DEBUG icaro.infraestructura.patronAgenteReactivo.factoriaEInterfaces.imp.AgenteReactivoImp2  - GestorAgentes: arranca()
125  [main] DEBUG icaro.infraestructura.patronAgenteReactivo.factoriaEInterfaces.imp.AgenteReactivoImp2  - Iniciador: arranca()
577  [pool-1-thread-1] DEBUG icaro.infraestructura.patronAgenteReactivo.factoriaEInterfaces.imp.AgenteReactivoImp2  - GestorOrganizacion: arranca()
624  [pool-1-thread-1] DEBUG icaro.infraestructura.patronAgenteReactivo.factoriaEInterfaces.imp.AgenteReactivoImp2  - Iniciador: termina()
702  [pool-2-thread-1] DEBUG icaro.infraestructura.patronAgenteReactivo.factoriaEInterfaces.imp.AgenteReactivoImp2  - GestorRecursos: arranca()
749  [pool-2-thread-1] DEBUG icaro.infraestructura.patronAgenteReactivo.factoriaEInterfaces.imp.AgenteReactivoImp2  - GestorAgentes: arranca()
94   [main] DEBUG icaro.infraestructura.patronAgenteReactivo.factoriaEInterfaces.imp.AgenteReactivoImp2  - Iniciador: arranca()
500  [pool-1-thread-1] DEBUG icaro.infraestructura.patronAgenteReactivo.factoriaEInterfaces.imp.AgenteReactivoImp2  - GestorOrganizacion: arranca()
546  [pool-1-thread-1] DEBUG icaro.infraestructura.patronAgenteReactivo.factoriaEInterfaces.imp.AgenteReactivoImp2  - Iniciador: termina()
624  [pool-2-thread-1] DEBUG icaro.infraestructura.patronAgenteReactivo.factoriaEInterfaces.imp.AgenteReactivoImp2  - GestorRecursos: arranca()
671  [pool-2-thread-1] DEBUG icaro.infraestructura.patronAgenteReactivo.factoriaEInterfaces.imp.AgenteReactivoImp2  - GestorAgentes: arranca()
58079 [AWT-EventQueue-0] DEBUG icaro.infraestructura.patronAgenteReactivo.factoriaEInterfaces.imp.AgenteReactivoImp2  - GestorOrganizacion: Ha llegado un evento por el interfaz de Uso:icaro.infraestructura.entidadesBasicas.comunicacion.EventoRecAgte@654bc1ac
60170 [pool-2-thread-1] DEBUG icaro.infraestructura.patronAgenteReactivo.factoriaEInterfaces.imp.AgenteReactivoImp2  - GestorOrganizacion: Ha llegado un evento por el interfaz de Uso:icaro.infraestructura.entidadesBasicas.comunicacion.EventoRecAgte@4c2324b
60185 [pool-2-thread-1] DEBUG icaro.infraestructura.patronAgenteReactivo.factoriaEInterfaces.imp.AgenteReactivoImp2  - GestorOrganizacion: Ha llegado un evento por el interfaz de Uso:icaro.infraestructura.entidadesBasicas.comunicacion.EventoRecAgte@4ac33cc5
60279 [pool-2-thread-1] DEBUG icaro.infraestructura.patronAgenteReactivo.factoriaEInterfaces.imp.AgenteReactivoImp2  - GestorAgentes: Ha llegado un mensaje por el interfaz de Uso:Emisor: GestorOrganizacion, Receptor: GestorAgentes
62291 [Thread-4] DEBUG icaro.infraestructura.patronAgenteReactivo.factoriaEInterfaces.imp.AgenteReactivoImp2  - GestorOrganizacion: Ha llegado un evento por el interfaz de Uso:icaro.infraestructura.entidadesBasicas.comunicacion.EventoRecAgte@d15d788
62338 [pool-2-thread-1] DEBUG icaro.infraestructura.patronAgenteReactivo.factoriaEInterfaces.imp.AgenteReactivoImp2  - GestorRecursos: Ha llegado un mensaje por el interfaz de Uso:Emisor: GestorOrganizacion, Receptor: GestorRecursos
62385 [pool-3-thread-1] DEBUG icaro.infraestructura.patronAgenteReactivo.factoriaEInterfaces.imp.AgenteReactivoImp2  - GestorRecursos: termina()
64366 [Thread-5] DEBUG icaro.infraestructura.patronAgenteReactivo.factoriaEInterfaces.imp.AgenteReactivoImp2  - GestorOrganizacion: Ha llegado un evento por el interfaz de Uso:icaro.infraestructura.entidadesBasicas.comunicacion.EventoRecAgte@72ff2d52
64429 [pool-2-thread-1] DEBUG icaro.infraestructura.patronAgenteReactivo.factoriaEInterfaces.imp.AgenteReactivoImp2  - GestorOrganizacion: termina()
109  [main] DEBUG icaro.infraestructura.patronAgenteReactivo.factoriaEInterfaces.imp.AgenteReactivoImp2  - Iniciador: arranca()
546  [pool-1-thread-1] DEBUG icaro.infraestructura.patronAgenteReactivo.factoriaEInterfaces.imp.AgenteReactivoImp2  - GestorOrganizacion: arranca()
593  [pool-1-thread-1] DEBUG icaro.infraestructura.patronAgenteReactivo.factoriaEInterfaces.imp.AgenteReactivoImp2  - Iniciador: termina()
671  [pool-2-thread-1] DEBUG icaro.infraestructura.patronAgenteReactivo.factoriaEInterfaces.imp.AgenteReactivoImp2  - GestorRecursos: arranca()
718  [pool-2-thread-1] DEBUG icaro.infraestructura.patronAgenteReactivo.factoriaEInterfaces.imp.AgenteReactivoImp2  - GestorAgentes: arranca()
32635 [AWT-EventQueue-0] DEBUG icaro.infraestructura.patronAgenteReactivo.factoriaEInterfaces.imp.AgenteReactivoImp2  - GestorOrganizacion: Ha llegado un evento por el interfaz de Uso:icaro.infraestructura.entidadesBasicas.comunicacion.EventoRecAgte@c521789
34305 [pool-2-thread-1] DEBUG icaro.infraestructura.patronAgenteReactivo.factoriaEInterfaces.imp.AgenteReactivoImp2  - GestorOrganizacion: Ha llegado un evento por el interfaz de Uso:icaro.infraestructura.entidadesBasicas.comunicacion.EventoRecAgte@4f680ccf
34336 [pool-2-thread-1] DEBUG icaro.infraestructura.patronAgenteReactivo.factoriaEInterfaces.imp.AgenteReactivoImp2  - GestorOrganizacion: Ha llegado un evento por el interfaz de Uso:icaro.infraestructura.entidadesBasicas.comunicacion.EventoRecAgte@60cfb55b
34383 [pool-2-thread-1] DEBUG icaro.infraestructura.patronAgenteReactivo.factoriaEInterfaces.imp.AgenteReactivoImp2  - GestorAgentes: Ha llegado un mensaje por el interfaz de Uso:Emisor: GestorOrganizacion, Receptor: GestorAgentes
36411 [Thread-4] DEBUG icaro.infraestructura.patronAgenteReactivo.factoriaEInterfaces.imp.AgenteReactivoImp2  - GestorOrganizacion: Ha llegado un evento por el interfaz de Uso:icaro.infraestructura.entidadesBasicas.comunicacion.EventoRecAgte@709847de
36457 [pool-2-thread-1] DEBUG icaro.infraestructura.patronAgenteReactivo.factoriaEInterfaces.imp.AgenteReactivoImp2  - GestorRecursos: Ha llegado un mensaje por el interfaz de Uso:Emisor: GestorOrganizacion, Receptor: GestorRecursos
36504 [pool-3-thread-1] DEBUG icaro.infraestructura.patronAgenteReactivo.factoriaEInterfaces.imp.AgenteReactivoImp2  - GestorRecursos: termina()
38485 [Thread-5] DEBUG icaro.infraestructura.patronAgenteReactivo.factoriaEInterfaces.imp.AgenteReactivoImp2  - GestorOrganizacion: Ha llegado un evento por el interfaz de Uso:icaro.infraestructura.entidadesBasicas.comunicacion.EventoRecAgte@554217b3
38563 [pool-2-thread-1] DEBUG icaro.infraestructura.patronAgenteReactivo.factoriaEInterfaces.imp.AgenteReactivoImp2  - GestorOrganizacion: termina()
125  [main] DEBUG icaro.infraestructura.patronAgenteReactivo.factoriaEInterfaces.imp.AgenteReactivoImp2  - Iniciador: arranca()
577  [pool-1-thread-1] DEBUG icaro.infraestructura.patronAgenteReactivo.factoriaEInterfaces.imp.AgenteReactivoImp2  - GestorOrganizacion: arranca()
624  [pool-1-thread-1] DEBUG icaro.infraestructura.patronAgenteReactivo.factoriaEInterfaces.imp.AgenteReactivoImp2  - Iniciador: termina()
702  [pool-2-thread-1] DEBUG icaro.infraestructura.patronAgenteReactivo.factoriaEInterfaces.imp.AgenteReactivoImp2  - GestorRecursos: arranca()
749  [pool-2-thread-1] DEBUG icaro.infraestructura.patronAgenteReactivo.factoriaEInterfaces.imp.AgenteReactivoImp2  - GestorAgentes: arranca()
140  [main] DEBUG icaro.infraestructura.patronAgenteReactivo.factoriaEInterfaces.imp.AgenteReactivoImp2  - Iniciador: arranca()
577  [pool-1-thread-1] DEBUG icaro.infraestructura.patronAgenteReactivo.factoriaEInterfaces.imp.AgenteReactivoImp2  - GestorOrganizacion: arranca()
624  [pool-1-thread-1] DEBUG icaro.infraestructura.patronAgenteReactivo.factoriaEInterfaces.imp.AgenteReactivoImp2  - Iniciador: termina()
717  [pool-2-thread-1] DEBUG icaro.infraestructura.patronAgenteReactivo.factoriaEInterfaces.imp.AgenteReactivoImp2  - GestorRecursos: arranca()
764  [pool-2-thread-1] DEBUG icaro.infraestructura.patronAgenteReactivo.factoriaEInterfaces.imp.AgenteReactivoImp2  - GestorAgentes: arranca()
4274 [AWT-EventQueue-0] DEBUG icaro.infraestructura.patronAgenteReactivo.factoriaEInterfaces.imp.AgenteReactivoImp2  - GestorOrganizacion: Ha llegado un evento por el interfaz de Uso:icaro.infraestructura.entidadesBasicas.comunicacion.EventoRecAgte@3c73e411
5460 [pool-2-thread-1] DEBUG icaro.infraestructura.patronAgenteReactivo.factoriaEInterfaces.imp.AgenteReactivoImp2  - GestorOrganizacion: Ha llegado un evento por el interfaz de Uso:icaro.infraestructura.entidadesBasicas.comunicacion.EventoRecAgte@13d0e6ba
5460 [pool-2-thread-1] DEBUG icaro.infraestructura.patronAgenteReactivo.factoriaEInterfaces.imp.AgenteReactivoImp2  - GestorOrganizacion: Ha llegado un evento por el interfaz de Uso:icaro.infraestructura.entidadesBasicas.comunicacion.EventoRecAgte@49662e35
5507 [pool-2-thread-1] DEBUG icaro.infraestructura.patronAgenteReactivo.factoriaEInterfaces.imp.AgenteReactivoImp2  - GestorAgentes: Ha llegado un mensaje por el interfaz de Uso:Emisor: GestorOrganizacion, Receptor: GestorAgentes
7535 [Thread-4] DEBUG icaro.infraestructura.patronAgenteReactivo.factoriaEInterfaces.imp.AgenteReactivoImp2  - GestorOrganizacion: Ha llegado un evento por el interfaz de Uso:icaro.infraestructura.entidadesBasicas.comunicacion.EventoRecAgte@5462a75d
7582 [pool-2-thread-1] DEBUG icaro.infraestructura.patronAgenteReactivo.factoriaEInterfaces.imp.AgenteReactivoImp2  - GestorRecursos: Ha llegado un mensaje por el interfaz de Uso:Emisor: GestorOrganizacion, Receptor: GestorRecursos
7628 [pool-3-thread-1] DEBUG icaro.infraestructura.patronAgenteReactivo.factoriaEInterfaces.imp.AgenteReactivoImp2  - GestorRecursos: termina()
9610 [Thread-5] DEBUG icaro.infraestructura.patronAgenteReactivo.factoriaEInterfaces.imp.AgenteReactivoImp2  - GestorOrganizacion: Ha llegado un evento por el interfaz de Uso:icaro.infraestructura.entidadesBasicas.comunicacion.EventoRecAgte@4780651e
9688 [pool-2-thread-1] DEBUG icaro.infraestructura.patronAgenteReactivo.factoriaEInterfaces.imp.AgenteReactivoImp2  - GestorOrganizacion: termina()
200  [main] DEBUG icaro.infraestructura.patronAgenteReactivo.factoriaEInterfaces.imp.AgenteReactivoImp2  - Iniciador: arranca()
850  [pool-1-thread-1] DEBUG icaro.infraestructura.patronAgenteReactivo.factoriaEInterfaces.imp.AgenteReactivoImp2  - GestorOrganizacion: arranca()
910  [pool-1-thread-1] DEBUG icaro.infraestructura.patronAgenteReactivo.factoriaEInterfaces.imp.AgenteReactivoImp2  - Iniciador: termina()
970  [pool-2-thread-1] DEBUG icaro.infraestructura.patronAgenteReactivo.factoriaEInterfaces.imp.AgenteReactivoImp2  - GestorRecursos: arranca()
1020 [pool-2-thread-1] DEBUG icaro.infraestructura.patronAgenteReactivo.factoriaEInterfaces.imp.AgenteReactivoImp2  - GestorAgentes: arranca()
20775 [AWT-EventQueue-0] DEBUG icaro.infraestructura.patronAgenteReactivo.factoriaEInterfaces.imp.AgenteReactivoImp2  - GestorOrganizacion: Ha llegado un evento por el interfaz de Uso:icaro.infraestructura.entidadesBasicas.comunicacion.EventoRecAgte@68af9087
22735 [pool-2-thread-1] DEBUG icaro.infraestructura.patronAgenteReactivo.factoriaEInterfaces.imp.AgenteReactivoImp2  - GestorOrganizacion: Ha llegado un evento por el interfaz de Uso:icaro.infraestructura.entidadesBasicas.comunicacion.EventoRecAgte@e322b22
22745 [pool-2-thread-1] DEBUG icaro.infraestructura.patronAgenteReactivo.factoriaEInterfaces.imp.AgenteReactivoImp2  - GestorOrganizacion: Ha llegado un evento por el interfaz de Uso:icaro.infraestructura.entidadesBasicas.comunicacion.EventoRecAgte@58901758
22805 [pool-2-thread-1] DEBUG icaro.infraestructura.patronAgenteReactivo.factoriaEInterfaces.imp.AgenteReactivoImp2  - GestorAgentes: Ha llegado un mensaje por el interfaz de Uso:Emisor: GestorOrganizacion, Receptor: GestorAgentes
24805 [Thread-4] DEBUG icaro.infraestructura.patronAgenteReactivo.factoriaEInterfaces.imp.AgenteReactivoImp2  - GestorOrganizacion: Ha llegado un evento por el interfaz de Uso:icaro.infraestructura.entidadesBasicas.comunicacion.EventoRecAgte@73518e61
24865 [pool-2-thread-1] DEBUG icaro.infraestructura.patronAgenteReactivo.factoriaEInterfaces.imp.AgenteReactivoImp2  - GestorRecursos: Ha llegado un mensaje por el interfaz de Uso:Emisor: GestorOrganizacion, Receptor: GestorRecursos
24895 [pool-3-thread-1] DEBUG icaro.infraestructura.patronAgenteReactivo.factoriaEInterfaces.imp.AgenteReactivoImp2  - GestorRecursos: termina()
26865 [Thread-5] DEBUG icaro.infraestructura.patronAgenteReactivo.factoriaEInterfaces.imp.AgenteReactivoImp2  - GestorOrganizacion: Ha llegado un evento por el interfaz de Uso:icaro.infraestructura.entidadesBasicas.comunicacion.EventoRecAgte@5a9c677f
26935 [pool-2-thread-1] DEBUG icaro.infraestructura.patronAgenteReactivo.factoriaEInterfaces.imp.AgenteReactivoImp2  - GestorOrganizacion: termina()
110  [main] DEBUG icaro.infraestructura.patronAgenteReactivo.factoriaEInterfaces.imp.AgenteReactivoImp2  - Iniciador: arranca()
785  [pool-1-thread-1] DEBUG icaro.infraestructura.patronAgenteReactivo.factoriaEInterfaces.imp.AgenteReactivoImp2  - GestorOrganizacion: arranca()
835  [pool-1-thread-1] DEBUG icaro.infraestructura.patronAgenteReactivo.factoriaEInterfaces.imp.AgenteReactivoImp2  - Iniciador: termina()
925  [pool-2-thread-1] DEBUG icaro.infraestructura.patronAgenteReactivo.factoriaEInterfaces.imp.AgenteReactivoImp2  - GestorRecursos: arranca()
960  [pool-2-thread-1] DEBUG icaro.infraestructura.patronAgenteReactivo.factoriaEInterfaces.imp.AgenteReactivoImp2  - GestorAgentes: arranca()
10815 [AWT-EventQueue-0] DEBUG icaro.infraestructura.patronAgenteReactivo.factoriaEInterfaces.imp.AgenteReactivoImp2  - GestorOrganizacion: Ha llegado un evento por el interfaz de Uso:icaro.infraestructura.entidadesBasicas.comunicacion.EventoRecAgte@47e13328
12365 [pool-2-thread-1] DEBUG icaro.infraestructura.patronAgenteReactivo.factoriaEInterfaces.imp.AgenteReactivoImp2  - GestorOrganizacion: Ha llegado un evento por el interfaz de Uso:icaro.infraestructura.entidadesBasicas.comunicacion.EventoRecAgte@7e208612
12380 [pool-2-thread-1] DEBUG icaro.infraestructura.patronAgenteReactivo.factoriaEInterfaces.imp.AgenteReactivoImp2  - GestorOrganizacion: Ha llegado un evento por el interfaz de Uso:icaro.infraestructura.entidadesBasicas.comunicacion.EventoRecAgte@7c5132a9
12430 [pool-2-thread-1] DEBUG icaro.infraestructura.patronAgenteReactivo.factoriaEInterfaces.imp.AgenteReactivoImp2  - GestorAgentes: Ha llegado un mensaje por el interfaz de Uso:Emisor: GestorOrganizacion, Receptor: GestorAgentes
14435 [Thread-4] DEBUG icaro.infraestructura.patronAgenteReactivo.factoriaEInterfaces.imp.AgenteReactivoImp2  - GestorOrganizacion: Ha llegado un evento por el interfaz de Uso:icaro.infraestructura.entidadesBasicas.comunicacion.EventoRecAgte@7fbc0c55
14495 [pool-2-thread-1] DEBUG icaro.infraestructura.patronAgenteReactivo.factoriaEInterfaces.imp.AgenteReactivoImp2  - GestorRecursos: Ha llegado un mensaje por el interfaz de Uso:Emisor: GestorOrganizacion, Receptor: GestorRecursos
14535 [pool-3-thread-1] DEBUG icaro.infraestructura.patronAgenteReactivo.factoriaEInterfaces.imp.AgenteReactivoImp2  - GestorRecursos: termina()
16500 [Thread-5] DEBUG icaro.infraestructura.patronAgenteReactivo.factoriaEInterfaces.imp.AgenteReactivoImp2  - GestorOrganizacion: Ha llegado un evento por el interfaz de Uso:icaro.infraestructura.entidadesBasicas.comunicacion.EventoRecAgte@1233fda8
16580 [pool-2-thread-1] DEBUG icaro.infraestructura.patronAgenteReactivo.factoriaEInterfaces.imp.AgenteReactivoImp2  - GestorOrganizacion: termina()
110  [main] DEBUG icaro.infraestructura.patronAgenteReactivo.factoriaEInterfaces.imp.AgenteReactivoImp2  - Iniciador: arranca()
745  [pool-1-thread-1] DEBUG icaro.infraestructura.patronAgenteReactivo.factoriaEInterfaces.imp.AgenteReactivoImp2  - GestorOrganizacion: arranca()
790  [pool-1-thread-1] DEBUG icaro.infraestructura.patronAgenteReactivo.factoriaEInterfaces.imp.AgenteReactivoImp2  - Iniciador: termina()
865  [pool-2-thread-1] DEBUG icaro.infraestructura.patronAgenteReactivo.factoriaEInterfaces.imp.AgenteReactivoImp2  - GestorRecursos: arranca()
910  [pool-2-thread-1] DEBUG icaro.infraestructura.patronAgenteReactivo.factoriaEInterfaces.imp.AgenteReactivoImp2  - GestorAgentes: arranca()
9905 [AWT-EventQueue-0] DEBUG icaro.infraestructura.patronAgenteReactivo.factoriaEInterfaces.imp.AgenteReactivoImp2  - GestorOrganizacion: Ha llegado un evento por el interfaz de Uso:icaro.infraestructura.entidadesBasicas.comunicacion.EventoRecAgte@c7ffa73
11250 [pool-2-thread-1] DEBUG icaro.infraestructura.patronAgenteReactivo.factoriaEInterfaces.imp.AgenteReactivoImp2  - GestorOrganizacion: Ha llegado un evento por el interfaz de Uso:icaro.infraestructura.entidadesBasicas.comunicacion.EventoRecAgte@2977379a
11270 [pool-2-thread-1] DEBUG icaro.infraestructura.patronAgenteReactivo.factoriaEInterfaces.imp.AgenteReactivoImp2  - GestorOrganizacion: Ha llegado un evento por el interfaz de Uso:icaro.infraestructura.entidadesBasicas.comunicacion.EventoRecAgte@ec7edbe
11325 [pool-2-thread-1] DEBUG icaro.infraestructura.patronAgenteReactivo.factoriaEInterfaces.imp.AgenteReactivoImp2  - GestorAgentes: Ha llegado un mensaje por el interfaz de Uso:Emisor: GestorOrganizacion, Receptor: GestorAgentes
13330 [Thread-4] DEBUG icaro.infraestructura.patronAgenteReactivo.factoriaEInterfaces.imp.AgenteReactivoImp2  - GestorOrganizacion: Ha llegado un evento por el interfaz de Uso:icaro.infraestructura.entidadesBasicas.comunicacion.EventoRecAgte@4697273c
13390 [pool-2-thread-1] DEBUG icaro.infraestructura.patronAgenteReactivo.factoriaEInterfaces.imp.AgenteReactivoImp2  - GestorRecursos: Ha llegado un mensaje por el interfaz de Uso:Emisor: GestorOrganizacion, Receptor: GestorRecursos
13425 [pool-3-thread-1] DEBUG icaro.infraestructura.patronAgenteReactivo.factoriaEInterfaces.imp.AgenteReactivoImp2  - GestorRecursos: termina()
15395 [Thread-5] DEBUG icaro.infraestructura.patronAgenteReactivo.factoriaEInterfaces.imp.AgenteReactivoImp2  - GestorOrganizacion: Ha llegado un evento por el interfaz de Uso:icaro.infraestructura.entidadesBasicas.comunicacion.EventoRecAgte@3fc5d6ca
15465 [pool-2-thread-1] DEBUG icaro.infraestructura.patronAgenteReactivo.factoriaEInterfaces.imp.AgenteReactivoImp2  - GestorOrganizacion: termina()
160  [main] DEBUG icaro.infraestructura.patronAgenteReactivo.factoriaEInterfaces.imp.AgenteReactivoImp2  - Iniciador: arranca()
602  [pool-1-thread-1] DEBUG icaro.infraestructura.patronAgenteReactivo.factoriaEInterfaces.imp.AgenteReactivoImp2  - GestorOrganizacion: arranca()
652  [pool-1-thread-1] DEBUG icaro.infraestructura.patronAgenteReactivo.factoriaEInterfaces.imp.AgenteReactivoImp2  - Iniciador: termina()
732  [pool-2-thread-1] DEBUG icaro.infraestructura.patronAgenteReactivo.factoriaEInterfaces.imp.AgenteReactivoImp2  - GestorRecursos: arranca()
772  [pool-2-thread-1] DEBUG icaro.infraestructura.patronAgenteReactivo.factoriaEInterfaces.imp.AgenteReactivoImp2  - GestorAgentes: arranca()
38245 [AWT-EventQueue-0] DEBUG icaro.infraestructura.patronAgenteReactivo.factoriaEInterfaces.imp.AgenteReactivoImp2  - GestorOrganizacion: Ha llegado un evento por el interfaz de Uso:icaro.infraestructura.entidadesBasicas.comunicacion.EventoRecAgte@1b3bde47
40085 [pool-2-thread-1] DEBUG icaro.infraestructura.patronAgenteReactivo.factoriaEInterfaces.imp.AgenteReactivoImp2  - GestorOrganizacion: Ha llegado un evento por el interfaz de Uso:icaro.infraestructura.entidadesBasicas.comunicacion.EventoRecAgte@1b7b53b2
40095 [pool-2-thread-1] DEBUG icaro.infraestructura.patronAgenteReactivo.factoriaEInterfaces.imp.AgenteReactivoImp2  - GestorOrganizacion: Ha llegado un evento por el interfaz de Uso:icaro.infraestructura.entidadesBasicas.comunicacion.EventoRecAgte@12857756
40145 [pool-2-thread-1] DEBUG icaro.infraestructura.patronAgenteReactivo.factoriaEInterfaces.imp.AgenteReactivoImp2  - GestorAgentes: Ha llegado un mensaje por el interfaz de Uso:Emisor: GestorOrganizacion, Receptor: GestorAgentes
42145 [Thread-4] DEBUG icaro.infraestructura.patronAgenteReactivo.factoriaEInterfaces.imp.AgenteReactivoImp2  - GestorOrganizacion: Ha llegado un evento por el interfaz de Uso:icaro.infraestructura.entidadesBasicas.comunicacion.EventoRecAgte@4181dea2
42195 [pool-2-thread-1] DEBUG icaro.infraestructura.patronAgenteReactivo.factoriaEInterfaces.imp.AgenteReactivoImp2  - GestorRecursos: Ha llegado un mensaje por el interfaz de Uso:Emisor: GestorOrganizacion, Receptor: GestorRecursos
42225 [pool-3-thread-1] DEBUG icaro.infraestructura.patronAgenteReactivo.factoriaEInterfaces.imp.AgenteReactivoImp2  - GestorRecursos: termina()
44195 [Thread-5] DEBUG icaro.infraestructura.patronAgenteReactivo.factoriaEInterfaces.imp.AgenteReactivoImp2  - GestorOrganizacion: Ha llegado un evento por el interfaz de Uso:icaro.infraestructura.entidadesBasicas.comunicacion.EventoRecAgte@3fc5d6ca
44265 [pool-2-thread-1] DEBUG icaro.infraestructura.patronAgenteReactivo.factoriaEInterfaces.imp.AgenteReactivoImp2  - GestorOrganizacion: termina()
120  [main] DEBUG icaro.infraestructura.patronAgenteReactivo.factoriaEInterfaces.imp.AgenteReactivoImp2  - Iniciador: arranca()
530  [pool-1-thread-1] DEBUG icaro.infraestructura.patronAgenteReactivo.factoriaEInterfaces.imp.AgenteReactivoImp2  - GestorOrganizacion: arranca()
580  [pool-1-thread-1] DEBUG icaro.infraestructura.patronAgenteReactivo.factoriaEInterfaces.imp.AgenteReactivoImp2  - Iniciador: termina()
650  [pool-2-thread-1] DEBUG icaro.infraestructura.patronAgenteReactivo.factoriaEInterfaces.imp.AgenteReactivoImp2  - GestorRecursos: arranca()
700  [pool-2-thread-1] DEBUG icaro.infraestructura.patronAgenteReactivo.factoriaEInterfaces.imp.AgenteReactivoImp2  - GestorAgentes: arranca()
21892 [AWT-EventQueue-0] DEBUG icaro.infraestructura.patronAgenteReactivo.factoriaEInterfaces.imp.AgenteReactivoImp2  - GestorOrganizacion: Ha llegado un evento por el interfaz de Uso:icaro.infraestructura.entidadesBasicas.comunicacion.EventoRecAgte@7f351ddf
23072 [pool-2-thread-1] DEBUG icaro.infraestructura.patronAgenteReactivo.factoriaEInterfaces.imp.AgenteReactivoImp2  - GestorOrganizacion: Ha llegado un evento por el interfaz de Uso:icaro.infraestructura.entidadesBasicas.comunicacion.EventoRecAgte@6f3a712b
23082 [pool-2-thread-1] DEBUG icaro.infraestructura.patronAgenteReactivo.factoriaEInterfaces.imp.AgenteReactivoImp2  - GestorOrganizacion: Ha llegado un evento por el interfaz de Uso:icaro.infraestructura.entidadesBasicas.comunicacion.EventoRecAgte@4642e33f
23132 [pool-2-thread-1] DEBUG icaro.infraestructura.patronAgenteReactivo.factoriaEInterfaces.imp.AgenteReactivoImp2  - GestorAgentes: Ha llegado un mensaje por el interfaz de Uso:Emisor: GestorOrganizacion, Receptor: GestorAgentes
25132 [Thread-4] DEBUG icaro.infraestructura.patronAgenteReactivo.factoriaEInterfaces.imp.AgenteReactivoImp2  - GestorOrganizacion: Ha llegado un evento por el interfaz de Uso:icaro.infraestructura.entidadesBasicas.comunicacion.EventoRecAgte@7c84c62b
25192 [pool-2-thread-1] DEBUG icaro.infraestructura.patronAgenteReactivo.factoriaEInterfaces.imp.AgenteReactivoImp2  - GestorRecursos: Ha llegado un mensaje por el interfaz de Uso:Emisor: GestorOrganizacion, Receptor: GestorRecursos
25222 [pool-3-thread-1] DEBUG icaro.infraestructura.patronAgenteReactivo.factoriaEInterfaces.imp.AgenteReactivoImp2  - GestorRecursos: termina()
27192 [Thread-5] DEBUG icaro.infraestructura.patronAgenteReactivo.factoriaEInterfaces.imp.AgenteReactivoImp2  - GestorOrganizacion: Ha llegado un evento por el interfaz de Uso:icaro.infraestructura.entidadesBasicas.comunicacion.EventoRecAgte@513eedff
27272 [pool-2-thread-1] DEBUG icaro.infraestructura.patronAgenteReactivo.factoriaEInterfaces.imp.AgenteReactivoImp2  - GestorOrganizacion: termina()
100  [main] DEBUG icaro.infraestructura.patronAgenteReactivo.factoriaEInterfaces.imp.AgenteReactivoImp2  - Iniciador: arranca()
520  [pool-1-thread-1] DEBUG icaro.infraestructura.patronAgenteReactivo.factoriaEInterfaces.imp.AgenteReactivoImp2  - GestorOrganizacion: arranca()
570  [pool-1-thread-1] DEBUG icaro.infraestructura.patronAgenteReactivo.factoriaEInterfaces.imp.AgenteReactivoImp2  - Iniciador: termina()
640  [pool-2-thread-1] DEBUG icaro.infraestructura.patronAgenteReactivo.factoriaEInterfaces.imp.AgenteReactivoImp2  - GestorRecursos: arranca()
680  [pool-2-thread-1] DEBUG icaro.infraestructura.patronAgenteReactivo.factoriaEInterfaces.imp.AgenteReactivoImp2  - GestorAgentes: arranca()
11731 [AWT-EventQueue-0] DEBUG icaro.infraestructura.patronAgenteReactivo.factoriaEInterfaces.imp.AgenteReactivoImp2  - GestorOrganizacion: Ha llegado un evento por el interfaz de Uso:icaro.infraestructura.entidadesBasicas.comunicacion.EventoRecAgte@4321dc78
12661 [pool-2-thread-1] DEBUG icaro.infraestructura.patronAgenteReactivo.factoriaEInterfaces.imp.AgenteReactivoImp2  - GestorOrganizacion: Ha llegado un evento por el interfaz de Uso:icaro.infraestructura.entidadesBasicas.comunicacion.EventoRecAgte@6abc58c0
12671 [pool-2-thread-1] DEBUG icaro.infraestructura.patronAgenteReactivo.factoriaEInterfaces.imp.AgenteReactivoImp2  - GestorOrganizacion: Ha llegado un evento por el interfaz de Uso:icaro.infraestructura.entidadesBasicas.comunicacion.EventoRecAgte@4fd50c24
12731 [pool-2-thread-1] DEBUG icaro.infraestructura.patronAgenteReactivo.factoriaEInterfaces.imp.AgenteReactivoImp2  - GestorAgentes: Ha llegado un mensaje por el interfaz de Uso:Emisor: GestorOrganizacion, Receptor: GestorAgentes
14731 [Thread-4] DEBUG icaro.infraestructura.patronAgenteReactivo.factoriaEInterfaces.imp.AgenteReactivoImp2  - GestorOrganizacion: Ha llegado un evento por el interfaz de Uso:icaro.infraestructura.entidadesBasicas.comunicacion.EventoRecAgte@4181dea2
14791 [pool-2-thread-1] DEBUG icaro.infraestructura.patronAgenteReactivo.factoriaEInterfaces.imp.AgenteReactivoImp2  - GestorRecursos: Ha llegado un mensaje por el interfaz de Uso:Emisor: GestorOrganizacion, Receptor: GestorRecursos
14821 [pool-3-thread-1] DEBUG icaro.infraestructura.patronAgenteReactivo.factoriaEInterfaces.imp.AgenteReactivoImp2  - GestorRecursos: termina()
16791 [Thread-5] DEBUG icaro.infraestructura.patronAgenteReactivo.factoriaEInterfaces.imp.AgenteReactivoImp2  - GestorOrganizacion: Ha llegado un evento por el interfaz de Uso:icaro.infraestructura.entidadesBasicas.comunicacion.EventoRecAgte@3fc5d6ca
16861 [pool-2-thread-1] DEBUG icaro.infraestructura.patronAgenteReactivo.factoriaEInterfaces.imp.AgenteReactivoImp2  - GestorOrganizacion: termina()
255  [main] DEBUG icaro.infraestructura.patronAgenteReactivo.factoriaEInterfaces.imp.AgenteReactivoImp2  - Iniciador: arranca()
935  [pool-1-thread-1] DEBUG icaro.infraestructura.patronAgenteReactivo.factoriaEInterfaces.imp.AgenteReactivoImp2  - GestorOrganizacion: arranca()
980  [pool-1-thread-1] DEBUG icaro.infraestructura.patronAgenteReactivo.factoriaEInterfaces.imp.AgenteReactivoImp2  - Iniciador: termina()
1055 [pool-2-thread-1] DEBUG icaro.infraestructura.patronAgenteReactivo.factoriaEInterfaces.imp.AgenteReactivoImp2  - GestorRecursos: arranca()
1105 [pool-2-thread-1] DEBUG icaro.infraestructura.patronAgenteReactivo.factoriaEInterfaces.imp.AgenteReactivoImp2  - GestorAgentes: arranca()
46864 [AWT-EventQueue-0] DEBUG icaro.infraestructura.patronAgenteReactivo.factoriaEInterfaces.imp.AgenteReactivoImp2  - GestorOrganizacion: Ha llegado un evento por el interfaz de Uso:icaro.infraestructura.entidadesBasicas.comunicacion.EventoRecAgte@e1d09ee
49804 [pool-2-thread-1] DEBUG icaro.infraestructura.patronAgenteReactivo.factoriaEInterfaces.imp.AgenteReactivoImp2  - GestorOrganizacion: Ha llegado un evento por el interfaz de Uso:icaro.infraestructura.entidadesBasicas.comunicacion.EventoRecAgte@412f690f
49824 [pool-2-thread-1] DEBUG icaro.infraestructura.patronAgenteReactivo.factoriaEInterfaces.imp.AgenteReactivoImp2  - GestorOrganizacion: Ha llegado un evento por el interfaz de Uso:icaro.infraestructura.entidadesBasicas.comunicacion.EventoRecAgte@1e6d4a11
49884 [pool-2-thread-1] DEBUG icaro.infraestructura.patronAgenteReactivo.factoriaEInterfaces.imp.AgenteReactivoImp2  - GestorAgentes: Ha llegado un mensaje por el interfaz de Uso:Emisor: GestorOrganizacion, Receptor: GestorAgentes
51889 [Thread-4] DEBUG icaro.infraestructura.patronAgenteReactivo.factoriaEInterfaces.imp.AgenteReactivoImp2  - GestorOrganizacion: Ha llegado un evento por el interfaz de Uso:icaro.infraestructura.entidadesBasicas.comunicacion.EventoRecAgte@1c39b8bb
51949 [pool-2-thread-1] DEBUG icaro.infraestructura.patronAgenteReactivo.factoriaEInterfaces.imp.AgenteReactivoImp2  - GestorRecursos: Ha llegado un mensaje por el interfaz de Uso:Emisor: GestorOrganizacion, Receptor: GestorRecursos
51994 [pool-3-thread-1] DEBUG icaro.infraestructura.patronAgenteReactivo.factoriaEInterfaces.imp.AgenteReactivoImp2  - GestorRecursos: termina()
53960 [Thread-5] DEBUG icaro.infraestructura.patronAgenteReactivo.factoriaEInterfaces.imp.AgenteReactivoImp2  - GestorOrganizacion: Ha llegado un evento por el interfaz de Uso:icaro.infraestructura.entidadesBasicas.comunicacion.EventoRecAgte@15e7b8d5
54030 [pool-2-thread-1] DEBUG icaro.infraestructura.patronAgenteReactivo.factoriaEInterfaces.imp.AgenteReactivoImp2  - GestorOrganizacion: termina()
85   [main] DEBUG icaro.infraestructura.patronAgenteReactivo.factoriaEInterfaces.imp.AgenteReactivoImp2  - Iniciador: arranca()
86   [main] DEBUG icaro.infraestructura.patronAgenteReactivo.factoriaEInterfaces.imp.AgenteReactivoImp2  - Iniciador: arranca()
4417 [AWT-EventQueue-0] DEBUG icaro.infraestructura.patronAgenteReactivo.factoriaEInterfaces.imp.AgenteReactivoImp2  - Iniciador: Ha llegado un evento por el interfaz de Uso:icaro.infraestructura.entidadesBasicas.comunicacion.EventoRecAgte@5e4ddf33
7951 [pool-1-thread-1] DEBUG icaro.infraestructura.patronAgenteReactivo.factoriaEInterfaces.imp.AgenteReactivoImp2  - Iniciador: Ha llegado un evento por el interfaz de Uso:icaro.infraestructura.entidadesBasicas.comunicacion.EventoRecAgte@59f8c7fc
7959 [pool-1-thread-1] DEBUG icaro.infraestructura.patronAgenteReactivo.factoriaEInterfaces.imp.AgenteReactivoImp2  - Iniciador: Ha llegado un evento por el interfaz de Uso:icaro.infraestructura.entidadesBasicas.comunicacion.EventoRecAgte@7790ec31
94   [main] DEBUG icaro.infraestructura.patronAgenteReactivo.factoriaEInterfaces.imp.AgenteReactivoImp2  - Iniciador: arranca()
163810 [AWT-EventQueue-0] DEBUG icaro.infraestructura.patronAgenteReactivo.factoriaEInterfaces.imp.AgenteReactivoImp2  - Iniciador: Ha llegado un evento por el interfaz de Uso:icaro.infraestructura.entidadesBasicas.comunicacion.EventoRecAgte@7c532572
267306 [pool-1-thread-1] DEBUG icaro.infraestructura.patronAgenteReactivo.factoriaEInterfaces.imp.AgenteReactivoImp2  - Iniciador: Ha llegado un evento por el interfaz de Uso:icaro.infraestructura.entidadesBasicas.comunicacion.EventoRecAgte@28809f9a
267313 [pool-1-thread-1] DEBUG icaro.infraestructura.patronAgenteReactivo.factoriaEInterfaces.imp.AgenteReactivoImp2  - Iniciador: Ha llegado un evento por el interfaz de Uso:icaro.infraestructura.entidadesBasicas.comunicacion.EventoRecAgte@31375cb8
81   [main] DEBUG icaro.infraestructura.patronAgenteReactivo.factoriaEInterfaces.imp.AgenteReactivoImp2  - Iniciador: arranca()
463  [pool-1-thread-1] DEBUG icaro.infraestructura.patronAgenteReactivo.factoriaEInterfaces.imp.AgenteReactivoImp2  - GestorOrganizacion: arranca()
492  [pool-1-thread-1] DEBUG icaro.infraestructura.patronAgenteReactivo.factoriaEInterfaces.imp.AgenteReactivoImp2  - Iniciador: termina()
545  [pool-2-thread-1] DEBUG icaro.infraestructura.patronAgenteReactivo.factoriaEInterfaces.imp.AgenteReactivoImp2  - GestorRecursos: arranca()
569  [pool-2-thread-1] DEBUG icaro.infraestructura.patronAgenteReactivo.factoriaEInterfaces.imp.AgenteReactivoImp2  - GestorAgentes: arranca()
26925 [AWT-EventQueue-0] DEBUG icaro.infraestructura.patronAgenteReactivo.factoriaEInterfaces.imp.AgenteReactivoImp2  - GestorOrganizacion: Ha llegado un evento por el interfaz de Uso:icaro.infraestructura.entidadesBasicas.comunicacion.EventoRecAgte@4c128117
28280 [pool-2-thread-1] DEBUG icaro.infraestructura.patronAgenteReactivo.factoriaEInterfaces.imp.AgenteReactivoImp2  - GestorOrganizacion: Ha llegado un evento por el interfaz de Uso:icaro.infraestructura.entidadesBasicas.comunicacion.EventoRecAgte@2de7a5d4
28289 [pool-2-thread-1] DEBUG icaro.infraestructura.patronAgenteReactivo.factoriaEInterfaces.imp.AgenteReactivoImp2  - GestorOrganizacion: Ha llegado un evento por el interfaz de Uso:icaro.infraestructura.entidadesBasicas.comunicacion.EventoRecAgte@67065257
28347 [pool-2-thread-1] DEBUG icaro.infraestructura.patronAgenteReactivo.factoriaEInterfaces.imp.AgenteReactivoImp2  - GestorAgentes: Ha llegado un mensaje por el interfaz de Uso:Emisor: GestorOrganizacion, Receptor: GestorAgentes
30351 [Thread-4] DEBUG icaro.infraestructura.patronAgenteReactivo.factoriaEInterfaces.imp.AgenteReactivoImp2  - GestorOrganizacion: Ha llegado un evento por el interfaz de Uso:icaro.infraestructura.entidadesBasicas.comunicacion.EventoRecAgte@6469826a
30393 [pool-2-thread-1] DEBUG icaro.infraestructura.patronAgenteReactivo.factoriaEInterfaces.imp.AgenteReactivoImp2  - GestorRecursos: Ha llegado un mensaje por el interfaz de Uso:Emisor: GestorOrganizacion, Receptor: GestorRecursos
30428 [pool-3-thread-1] DEBUG icaro.infraestructura.patronAgenteReactivo.factoriaEInterfaces.imp.AgenteReactivoImp2  - GestorRecursos: termina()
32398 [Thread-5] DEBUG icaro.infraestructura.patronAgenteReactivo.factoriaEInterfaces.imp.AgenteReactivoImp2  - GestorOrganizacion: Ha llegado un evento por el interfaz de Uso:icaro.infraestructura.entidadesBasicas.comunicacion.EventoRecAgte@5b645767
32446 [pool-2-thread-1] DEBUG icaro.infraestructura.patronAgenteReactivo.factoriaEInterfaces.imp.AgenteReactivoImp2  - GestorOrganizacion: termina()
77   [main] DEBUG icaro.infraestructura.patronAgenteReactivo.factoriaEInterfaces.imp.AgenteReactivoImp2  - Iniciador: arranca()
461  [pool-1-thread-1] DEBUG icaro.infraestructura.patronAgenteReactivo.factoriaEInterfaces.imp.AgenteReactivoImp2  - GestorOrganizacion: arranca()
489  [pool-1-thread-1] DEBUG icaro.infraestructura.patronAgenteReactivo.factoriaEInterfaces.imp.AgenteReactivoImp2  - Iniciador: termina()
542  [pool-2-thread-1] DEBUG icaro.infraestructura.patronAgenteReactivo.factoriaEInterfaces.imp.AgenteReactivoImp2  - GestorRecursos: arranca()
567  [pool-2-thread-1] DEBUG icaro.infraestructura.patronAgenteReactivo.factoriaEInterfaces.imp.AgenteReactivoImp2  - GestorAgentes: arranca()
10624 [AWT-EventQueue-0] DEBUG icaro.infraestructura.patronAgenteReactivo.factoriaEInterfaces.imp.AgenteReactivoImp2  - GestorOrganizacion: Ha llegado un evento por el interfaz de Uso:icaro.infraestructura.entidadesBasicas.comunicacion.EventoRecAgte@6f831538
11815 [pool-2-thread-1] DEBUG icaro.infraestructura.patronAgenteReactivo.factoriaEInterfaces.imp.AgenteReactivoImp2  - GestorOrganizacion: Ha llegado un evento por el interfaz de Uso:icaro.infraestructura.entidadesBasicas.comunicacion.EventoRecAgte@1bdea692
11825 [pool-2-thread-1] DEBUG icaro.infraestructura.patronAgenteReactivo.factoriaEInterfaces.imp.AgenteReactivoImp2  - GestorOrganizacion: Ha llegado un evento por el interfaz de Uso:icaro.infraestructura.entidadesBasicas.comunicacion.EventoRecAgte@2ec1eaf4
11897 [pool-2-thread-1] DEBUG icaro.infraestructura.patronAgenteReactivo.factoriaEInterfaces.imp.AgenteReactivoImp2  - GestorAgentes: Ha llegado un mensaje por el interfaz de Uso:Emisor: GestorOrganizacion, Receptor: GestorAgentes
13904 [Thread-4] DEBUG icaro.infraestructura.patronAgenteReactivo.factoriaEInterfaces.imp.AgenteReactivoImp2  - GestorOrganizacion: Ha llegado un evento por el interfaz de Uso:icaro.infraestructura.entidadesBasicas.comunicacion.EventoRecAgte@267cddbf
13945 [pool-2-thread-1] DEBUG icaro.infraestructura.patronAgenteReactivo.factoriaEInterfaces.imp.AgenteReactivoImp2  - GestorRecursos: Ha llegado un mensaje por el interfaz de Uso:Emisor: GestorOrganizacion, Receptor: GestorRecursos
13984 [pool-3-thread-1] DEBUG icaro.infraestructura.patronAgenteReactivo.factoriaEInterfaces.imp.AgenteReactivoImp2  - GestorRecursos: termina()
15951 [Thread-5] DEBUG icaro.infraestructura.patronAgenteReactivo.factoriaEInterfaces.imp.AgenteReactivoImp2  - GestorOrganizacion: Ha llegado un evento por el interfaz de Uso:icaro.infraestructura.entidadesBasicas.comunicacion.EventoRecAgte@12d6bd92
15999 [pool-2-thread-1] DEBUG icaro.infraestructura.patronAgenteReactivo.factoriaEInterfaces.imp.AgenteReactivoImp2  - GestorOrganizacion: termina()
76   [main] DEBUG icaro.infraestructura.patronAgenteReactivo.factoriaEInterfaces.imp.AgenteReactivoImp2  - Iniciador: arranca()
372  [pool-1-thread-1] DEBUG icaro.infraestructura.patronAgenteReactivo.factoriaEInterfaces.imp.AgenteReactivoImp2  - GestorOrganizacion: arranca()
400  [pool-1-thread-1] DEBUG icaro.infraestructura.patronAgenteReactivo.factoriaEInterfaces.imp.AgenteReactivoImp2  - Iniciador: termina()
452  [pool-2-thread-1] DEBUG icaro.infraestructura.patronAgenteReactivo.factoriaEInterfaces.imp.AgenteReactivoImp2  - GestorRecursos: arranca()
475  [pool-2-thread-1] DEBUG icaro.infraestructura.patronAgenteReactivo.factoriaEInterfaces.imp.AgenteReactivoImp2  - GestorAgentes: arranca()
7477 [AWT-EventQueue-0] DEBUG icaro.infraestructura.patronAgenteReactivo.factoriaEInterfaces.imp.AgenteReactivoImp2  - GestorOrganizacion: Ha llegado un evento por el interfaz de Uso:icaro.infraestructura.entidadesBasicas.comunicacion.EventoRecAgte@3fdbd1b8
8765 [pool-2-thread-1] DEBUG icaro.infraestructura.patronAgenteReactivo.factoriaEInterfaces.imp.AgenteReactivoImp2  - GestorOrganizacion: Ha llegado un evento por el interfaz de Uso:icaro.infraestructura.entidadesBasicas.comunicacion.EventoRecAgte@750fc3db
8774 [pool-2-thread-1] DEBUG icaro.infraestructura.patronAgenteReactivo.factoriaEInterfaces.imp.AgenteReactivoImp2  - GestorOrganizacion: Ha llegado un evento por el interfaz de Uso:icaro.infraestructura.entidadesBasicas.comunicacion.EventoRecAgte@5df824ac
8840 [pool-2-thread-1] DEBUG icaro.infraestructura.patronAgenteReactivo.factoriaEInterfaces.imp.AgenteReactivoImp2  - GestorAgentes: Ha llegado un mensaje por el interfaz de Uso:Emisor: GestorOrganizacion, Receptor: GestorAgentes
10843 [Thread-4] DEBUG icaro.infraestructura.patronAgenteReactivo.factoriaEInterfaces.imp.AgenteReactivoImp2  - GestorOrganizacion: Ha llegado un evento por el interfaz de Uso:icaro.infraestructura.entidadesBasicas.comunicacion.EventoRecAgte@626958e6
10884 [pool-2-thread-1] DEBUG icaro.infraestructura.patronAgenteReactivo.factoriaEInterfaces.imp.AgenteReactivoImp2  - GestorRecursos: Ha llegado un mensaje por el interfaz de Uso:Emisor: GestorOrganizacion, Receptor: GestorRecursos
10923 [pool-3-thread-1] DEBUG icaro.infraestructura.patronAgenteReactivo.factoriaEInterfaces.imp.AgenteReactivoImp2  - GestorRecursos: termina()
12888 [Thread-5] DEBUG icaro.infraestructura.patronAgenteReactivo.factoriaEInterfaces.imp.AgenteReactivoImp2  - GestorOrganizacion: Ha llegado un evento por el interfaz de Uso:icaro.infraestructura.entidadesBasicas.comunicacion.EventoRecAgte@51e576ef
12936 [pool-2-thread-1] DEBUG icaro.infraestructura.patronAgenteReactivo.factoriaEInterfaces.imp.AgenteReactivoImp2  - GestorOrganizacion: termina()
86   [main] DEBUG icaro.infraestructura.patronAgenteReactivo.factoriaEInterfaces.imp.AgenteReactivoImp2  - Iniciador: arranca()
385  [pool-1-thread-1] DEBUG icaro.infraestructura.patronAgenteReactivo.factoriaEInterfaces.imp.AgenteReactivoImp2  - GestorOrganizacion: arranca()
415  [pool-1-thread-1] DEBUG icaro.infraestructura.patronAgenteReactivo.factoriaEInterfaces.imp.AgenteReactivoImp2  - Iniciador: termina()
467  [pool-2-thread-1] DEBUG icaro.infraestructura.patronAgenteReactivo.factoriaEInterfaces.imp.AgenteReactivoImp2  - GestorRecursos: arranca()
491  [pool-2-thread-1] DEBUG icaro.infraestructura.patronAgenteReactivo.factoriaEInterfaces.imp.AgenteReactivoImp2  - GestorAgentes: arranca()
6529 [AWT-EventQueue-0] DEBUG icaro.infraestructura.patronAgenteReactivo.factoriaEInterfaces.imp.AgenteReactivoImp2  - GestorOrganizacion: Ha llegado un evento por el interfaz de Uso:icaro.infraestructura.entidadesBasicas.comunicacion.EventoRecAgte@36d85ff4
7954 [pool-2-thread-1] DEBUG icaro.infraestructura.patronAgenteReactivo.factoriaEInterfaces.imp.AgenteReactivoImp2  - GestorOrganizacion: Ha llegado un evento por el interfaz de Uso:icaro.infraestructura.entidadesBasicas.comunicacion.EventoRecAgte@6f1dd672
7964 [pool-2-thread-1] DEBUG icaro.infraestructura.patronAgenteReactivo.factoriaEInterfaces.imp.AgenteReactivoImp2  - GestorOrganizacion: Ha llegado un evento por el interfaz de Uso:icaro.infraestructura.entidadesBasicas.comunicacion.EventoRecAgte@4397724b
8032 [pool-2-thread-1] DEBUG icaro.infraestructura.patronAgenteReactivo.factoriaEInterfaces.imp.AgenteReactivoImp2  - GestorAgentes: Ha llegado un mensaje por el interfaz de Uso:Emisor: GestorOrganizacion, Receptor: GestorAgentes
10038 [Thread-4] DEBUG icaro.infraestructura.patronAgenteReactivo.factoriaEInterfaces.imp.AgenteReactivoImp2  - GestorOrganizacion: Ha llegado un evento por el interfaz de Uso:icaro.infraestructura.entidadesBasicas.comunicacion.EventoRecAgte@1153f3ea
10078 [pool-2-thread-1] DEBUG icaro.infraestructura.patronAgenteReactivo.factoriaEInterfaces.imp.AgenteReactivoImp2  - GestorRecursos: Ha llegado un mensaje por el interfaz de Uso:Emisor: GestorOrganizacion, Receptor: GestorRecursos
10116 [pool-3-thread-1] DEBUG icaro.infraestructura.patronAgenteReactivo.factoriaEInterfaces.imp.AgenteReactivoImp2  - GestorRecursos: termina()
12083 [Thread-5] DEBUG icaro.infraestructura.patronAgenteReactivo.factoriaEInterfaces.imp.AgenteReactivoImp2  - GestorOrganizacion: Ha llegado un evento por el interfaz de Uso:icaro.infraestructura.entidadesBasicas.comunicacion.EventoRecAgte@3af27ecb
12130 [pool-2-thread-1] DEBUG icaro.infraestructura.patronAgenteReactivo.factoriaEInterfaces.imp.AgenteReactivoImp2  - GestorOrganizacion: termina()
12305 [main] DEBUG icaro.infraestructura.patronAgenteReactivo.factoriaEInterfaces.imp.AgenteReactivoImp2  - Iniciador: arranca()
6113384 [pool-1-thread-1] DEBUG icaro.infraestructura.patronAgenteReactivo.factoriaEInterfaces.imp.AgenteReactivoImp2  - GestorOrganizacion: arranca()
6117881 [pool-1-thread-1] DEBUG icaro.infraestructura.patronAgenteReactivo.factoriaEInterfaces.imp.AgenteReactivoImp2  - Iniciador: termina()
6121528 [pool-2-thread-1] DEBUG icaro.infraestructura.patronAgenteReactivo.factoriaEInterfaces.imp.AgenteReactivoImp2  - GestorRecursos: arranca()
6123136 [pool-2-thread-1] DEBUG icaro.infraestructura.patronAgenteReactivo.factoriaEInterfaces.imp.AgenteReactivoImp2  - GestorAgentes: arranca()
6194889 [AWT-EventQueue-0] DEBUG icaro.infraestructura.patronAgenteReactivo.factoriaEInterfaces.imp.AgenteReactivoImp2  - GestorOrganizacion: Ha llegado un evento por el interfaz de Uso:icaro.infraestructura.entidadesBasicas.comunicacion.EventoRecAgte@c9d4270
6209833 [pool-2-thread-1] DEBUG icaro.infraestructura.patronAgenteReactivo.factoriaEInterfaces.imp.AgenteReactivoImp2  - GestorOrganizacion: Ha llegado un evento por el interfaz de Uso:icaro.infraestructura.entidadesBasicas.comunicacion.EventoRecAgte@49158183
6209843 [pool-2-thread-1] DEBUG icaro.infraestructura.patronAgenteReactivo.factoriaEInterfaces.imp.AgenteReactivoImp2  - GestorOrganizacion: Ha llegado un evento por el interfaz de Uso:icaro.infraestructura.entidadesBasicas.comunicacion.EventoRecAgte@2c9abbbc
6216151 [AWT-EventQueue-0] DEBUG icaro.infraestructura.patronAgenteReactivo.factoriaEInterfaces.imp.AgenteReactivoImp2  - GestorOrganizacion: Ha llegado un evento por el interfaz de Uso:icaro.infraestructura.entidadesBasicas.comunicacion.EventoRecAgte@70c99b8
6216790 [AWT-EventQueue-0] DEBUG icaro.infraestructura.patronAgenteReactivo.factoriaEInterfaces.imp.AgenteReactivoImp2  - GestorOrganizacion: Ha llegado un evento por el interfaz de Uso:icaro.infraestructura.entidadesBasicas.comunicacion.EventoRecAgte@35fe2bea
95   [main] DEBUG icaro.infraestructura.patronAgenteReactivo.factoriaEInterfaces.imp.AgenteReactivoImp2  - Iniciador: arranca()
426  [pool-1-thread-1] DEBUG icaro.infraestructura.patronAgenteReactivo.factoriaEInterfaces.imp.AgenteReactivoImp2  - GestorOrganizacion: arranca()
456  [pool-1-thread-1] DEBUG icaro.infraestructura.patronAgenteReactivo.factoriaEInterfaces.imp.AgenteReactivoImp2  - Iniciador: termina()
509  [pool-2-thread-1] DEBUG icaro.infraestructura.patronAgenteReactivo.factoriaEInterfaces.imp.AgenteReactivoImp2  - GestorRecursos: arranca()
532  [pool-2-thread-1] DEBUG icaro.infraestructura.patronAgenteReactivo.factoriaEInterfaces.imp.AgenteReactivoImp2  - GestorAgentes: arranca()
174601 [AWT-EventQueue-0] DEBUG icaro.infraestructura.patronAgenteReactivo.factoriaEInterfaces.imp.AgenteReactivoImp2  - GestorOrganizacion: Ha llegado un evento por el interfaz de Uso:icaro.infraestructura.entidadesBasicas.comunicacion.EventoRecAgte@16347d4a
175691 [pool-2-thread-1] DEBUG icaro.infraestructura.patronAgenteReactivo.factoriaEInterfaces.imp.AgenteReactivoImp2  - GestorOrganizacion: Ha llegado un evento por el interfaz de Uso:icaro.infraestructura.entidadesBasicas.comunicacion.EventoRecAgte@38ba3c44
175700 [pool-2-thread-1] DEBUG icaro.infraestructura.patronAgenteReactivo.factoriaEInterfaces.imp.AgenteReactivoImp2  - GestorOrganizacion: Ha llegado un evento por el interfaz de Uso:icaro.infraestructura.entidadesBasicas.comunicacion.EventoRecAgte@5fdcb20e
175771 [pool-2-thread-1] DEBUG icaro.infraestructura.patronAgenteReactivo.factoriaEInterfaces.imp.AgenteReactivoImp2  - GestorAgentes: Ha llegado un mensaje por el interfaz de Uso:Emisor: GestorOrganizacion, Receptor: GestorAgentes
177777 [Thread-4] DEBUG icaro.infraestructura.patronAgenteReactivo.factoriaEInterfaces.imp.AgenteReactivoImp2  - GestorOrganizacion: Ha llegado un evento por el interfaz de Uso:icaro.infraestructura.entidadesBasicas.comunicacion.EventoRecAgte@e1a50cc
177816 [pool-2-thread-1] DEBUG icaro.infraestructura.patronAgenteReactivo.factoriaEInterfaces.imp.AgenteReactivoImp2  - GestorRecursos: Ha llegado un mensaje por el interfaz de Uso:Emisor: GestorOrganizacion, Receptor: GestorRecursos
177849 [pool-3-thread-1] DEBUG icaro.infraestructura.patronAgenteReactivo.factoriaEInterfaces.imp.AgenteReactivoImp2  - GestorRecursos: termina()
179821 [Thread-5] DEBUG icaro.infraestructura.patronAgenteReactivo.factoriaEInterfaces.imp.AgenteReactivoImp2  - GestorOrganizacion: Ha llegado un evento por el interfaz de Uso:icaro.infraestructura.entidadesBasicas.comunicacion.EventoRecAgte@7a4b5b4a
179868 [pool-2-thread-1] DEBUG icaro.infraestructura.patronAgenteReactivo.factoriaEInterfaces.imp.AgenteReactivoImp2  - GestorOrganizacion: termina()
87   [main] DEBUG icaro.infraestructura.patronAgenteReactivo.factoriaEInterfaces.imp.AgenteReactivoImp2  - Iniciador: arranca()
419  [pool-1-thread-1] DEBUG icaro.infraestructura.patronAgenteReactivo.factoriaEInterfaces.imp.AgenteReactivoImp2  - GestorOrganizacion: arranca()
448  [pool-1-thread-1] DEBUG icaro.infraestructura.patronAgenteReactivo.factoriaEInterfaces.imp.AgenteReactivoImp2  - Iniciador: termina()
503  [pool-2-thread-1] DEBUG icaro.infraestructura.patronAgenteReactivo.factoriaEInterfaces.imp.AgenteReactivoImp2  - GestorRecursos: arranca()
527  [pool-2-thread-1] DEBUG icaro.infraestructura.patronAgenteReactivo.factoriaEInterfaces.imp.AgenteReactivoImp2  - GestorAgentes: arranca()
162313 [AWT-EventQueue-0] DEBUG icaro.infraestructura.patronAgenteReactivo.factoriaEInterfaces.imp.AgenteReactivoImp2  - GestorOrganizacion: Ha llegado un evento por el interfaz de Uso:icaro.infraestructura.entidadesBasicas.comunicacion.EventoRecAgte@574e18f
163633 [pool-2-thread-1] DEBUG icaro.infraestructura.patronAgenteReactivo.factoriaEInterfaces.imp.AgenteReactivoImp2  - GestorOrganizacion: Ha llegado un evento por el interfaz de Uso:icaro.infraestructura.entidadesBasicas.comunicacion.EventoRecAgte@3df47336
163643 [pool-2-thread-1] DEBUG icaro.infraestructura.patronAgenteReactivo.factoriaEInterfaces.imp.AgenteReactivoImp2  - GestorOrganizacion: Ha llegado un evento por el interfaz de Uso:icaro.infraestructura.entidadesBasicas.comunicacion.EventoRecAgte@3091d8be
163715 [pool-2-thread-1] DEBUG icaro.infraestructura.patronAgenteReactivo.factoriaEInterfaces.imp.AgenteReactivoImp2  - GestorAgentes: Ha llegado un mensaje por el interfaz de Uso:Emisor: GestorOrganizacion, Receptor: GestorAgentes
165729 [Thread-4] DEBUG icaro.infraestructura.patronAgenteReactivo.factoriaEInterfaces.imp.AgenteReactivoImp2  - GestorOrganizacion: Ha llegado un evento por el interfaz de Uso:icaro.infraestructura.entidadesBasicas.comunicacion.EventoRecAgte@6714f6ce
165773 [pool-2-thread-1] DEBUG icaro.infraestructura.patronAgenteReactivo.factoriaEInterfaces.imp.AgenteReactivoImp2  - GestorRecursos: Ha llegado un mensaje por el interfaz de Uso:Emisor: GestorOrganizacion, Receptor: GestorRecursos
165853 [pool-3-thread-1] DEBUG icaro.infraestructura.patronAgenteReactivo.factoriaEInterfaces.imp.AgenteReactivoImp2  - GestorRecursos: termina()
167784 [Thread-5] DEBUG icaro.infraestructura.patronAgenteReactivo.factoriaEInterfaces.imp.AgenteReactivoImp2  - GestorOrganizacion: Ha llegado un evento por el interfaz de Uso:icaro.infraestructura.entidadesBasicas.comunicacion.EventoRecAgte@61af43c4
167831 [pool-2-thread-1] DEBUG icaro.infraestructura.patronAgenteReactivo.factoriaEInterfaces.imp.AgenteReactivoImp2  - GestorOrganizacion: termina()
87   [main] DEBUG icaro.infraestructura.patronAgenteReactivo.factoriaEInterfaces.imp.AgenteReactivoImp2  - Iniciador: arranca()
408  [pool-1-thread-1] DEBUG icaro.infraestructura.patronAgenteReactivo.factoriaEInterfaces.imp.AgenteReactivoImp2  - GestorOrganizacion: arranca()
438  [pool-1-thread-1] DEBUG icaro.infraestructura.patronAgenteReactivo.factoriaEInterfaces.imp.AgenteReactivoImp2  - Iniciador: termina()
496  [pool-2-thread-1] DEBUG icaro.infraestructura.patronAgenteReactivo.factoriaEInterfaces.imp.AgenteReactivoImp2  - GestorRecursos: arranca()
520  [pool-2-thread-1] DEBUG icaro.infraestructura.patronAgenteReactivo.factoriaEInterfaces.imp.AgenteReactivoImp2  - GestorAgentes: arranca()
91   [main] DEBUG icaro.infraestructura.patronAgenteReactivo.factoriaEInterfaces.imp.AgenteReactivoImp2  - Iniciador: arranca()
433  [pool-1-thread-1] DEBUG icaro.infraestructura.patronAgenteReactivo.factoriaEInterfaces.imp.AgenteReactivoImp2  - GestorOrganizacion: arranca()
464  [pool-1-thread-1] DEBUG icaro.infraestructura.patronAgenteReactivo.factoriaEInterfaces.imp.AgenteReactivoImp2  - Iniciador: termina()
520  [pool-2-thread-1] DEBUG icaro.infraestructura.patronAgenteReactivo.factoriaEInterfaces.imp.AgenteReactivoImp2  - GestorRecursos: arranca()
543  [pool-2-thread-1] DEBUG icaro.infraestructura.patronAgenteReactivo.factoriaEInterfaces.imp.AgenteReactivoImp2  - GestorAgentes: arranca()
27121 [AWT-EventQueue-0] DEBUG icaro.infraestructura.patronAgenteReactivo.factoriaEInterfaces.imp.AgenteReactivoImp2  - GestorOrganizacion: Ha llegado un evento por el interfaz de Uso:icaro.infraestructura.entidadesBasicas.comunicacion.EventoRecAgte@48550a75
30978 [pool-2-thread-1] DEBUG icaro.infraestructura.patronAgenteReactivo.factoriaEInterfaces.imp.AgenteReactivoImp2  - GestorOrganizacion: Ha llegado un evento por el interfaz de Uso:icaro.infraestructura.entidadesBasicas.comunicacion.EventoRecAgte@6b62a50d
30987 [pool-2-thread-1] DEBUG icaro.infraestructura.patronAgenteReactivo.factoriaEInterfaces.imp.AgenteReactivoImp2  - GestorOrganizacion: Ha llegado un evento por el interfaz de Uso:icaro.infraestructura.entidadesBasicas.comunicacion.EventoRecAgte@3bf36cb5
31039 [pool-2-thread-1] DEBUG icaro.infraestructura.patronAgenteReactivo.factoriaEInterfaces.imp.AgenteReactivoImp2  - GestorAgentes: Ha llegado un mensaje por el interfaz de Uso:Emisor: GestorOrganizacion, Receptor: GestorAgentes
33042 [Thread-4] DEBUG icaro.infraestructura.patronAgenteReactivo.factoriaEInterfaces.imp.AgenteReactivoImp2  - GestorOrganizacion: Ha llegado un evento por el interfaz de Uso:icaro.infraestructura.entidadesBasicas.comunicacion.EventoRecAgte@470e23f0
33085 [pool-2-thread-1] DEBUG icaro.infraestructura.patronAgenteReactivo.factoriaEInterfaces.imp.AgenteReactivoImp2  - GestorRecursos: Ha llegado un mensaje por el interfaz de Uso:Emisor: GestorOrganizacion, Receptor: GestorRecursos
33121 [pool-3-thread-1] DEBUG icaro.infraestructura.patronAgenteReactivo.factoriaEInterfaces.imp.AgenteReactivoImp2  - GestorRecursos: termina()
35090 [Thread-5] DEBUG icaro.infraestructura.patronAgenteReactivo.factoriaEInterfaces.imp.AgenteReactivoImp2  - GestorOrganizacion: Ha llegado un evento por el interfaz de Uso:icaro.infraestructura.entidadesBasicas.comunicacion.EventoRecAgte@2890328c
35137 [pool-2-thread-1] DEBUG icaro.infraestructura.patronAgenteReactivo.factoriaEInterfaces.imp.AgenteReactivoImp2  - GestorOrganizacion: termina()
127  [main] DEBUG icaro.infraestructura.patronAgenteReactivo.factoriaEInterfaces.imp.AgenteReactivoImp2  - Iniciador: arranca()
528  [pool-1-thread-1] DEBUG icaro.infraestructura.patronAgenteReactivo.factoriaEInterfaces.imp.AgenteReactivoImp2  - GestorOrganizacion: arranca()
567  [pool-1-thread-1] DEBUG icaro.infraestructura.patronAgenteReactivo.factoriaEInterfaces.imp.AgenteReactivoImp2  - Iniciador: termina()
626  [pool-2-thread-1] DEBUG icaro.infraestructura.patronAgenteReactivo.factoriaEInterfaces.imp.AgenteReactivoImp2  - GestorRecursos: arranca()
651  [pool-2-thread-1] DEBUG icaro.infraestructura.patronAgenteReactivo.factoriaEInterfaces.imp.AgenteReactivoImp2  - GestorAgentes: arranca()
91   [main] DEBUG icaro.infraestructura.patronAgenteReactivo.factoriaEInterfaces.imp.AgenteReactivoImp2  - Iniciador: arranca()
421  [pool-1-thread-1] DEBUG icaro.infraestructura.patronAgenteReactivo.factoriaEInterfaces.imp.AgenteReactivoImp2  - GestorOrganizacion: arranca()
453  [pool-1-thread-1] DEBUG icaro.infraestructura.patronAgenteReactivo.factoriaEInterfaces.imp.AgenteReactivoImp2  - Iniciador: termina()
505  [pool-2-thread-1] DEBUG icaro.infraestructura.patronAgenteReactivo.factoriaEInterfaces.imp.AgenteReactivoImp2  - GestorRecursos: arranca()
529  [pool-2-thread-1] DEBUG icaro.infraestructura.patronAgenteReactivo.factoriaEInterfaces.imp.AgenteReactivoImp2  - GestorAgentes: arranca()
3816 [AWT-EventQueue-0] DEBUG icaro.infraestructura.patronAgenteReactivo.factoriaEInterfaces.imp.AgenteReactivoImp2  - GestorOrganizacion: Ha llegado un evento por el interfaz de Uso:icaro.infraestructura.entidadesBasicas.comunicacion.EventoRecAgte@66b8f618
5041 [pool-2-thread-1] DEBUG icaro.infraestructura.patronAgenteReactivo.factoriaEInterfaces.imp.AgenteReactivoImp2  - GestorOrganizacion: Ha llegado un evento por el interfaz de Uso:icaro.infraestructura.entidadesBasicas.comunicacion.EventoRecAgte@5354703
5052 [pool-2-thread-1] DEBUG icaro.infraestructura.patronAgenteReactivo.factoriaEInterfaces.imp.AgenteReactivoImp2  - GestorOrganizacion: Ha llegado un evento por el interfaz de Uso:icaro.infraestructura.entidadesBasicas.comunicacion.EventoRecAgte@299d93d7
5108 [pool-2-thread-1] DEBUG icaro.infraestructura.patronAgenteReactivo.factoriaEInterfaces.imp.AgenteReactivoImp2  - GestorAgentes: Ha llegado un mensaje por el interfaz de Uso:Emisor: GestorOrganizacion, Receptor: GestorAgentes
7111 [Thread-4] DEBUG icaro.infraestructura.patronAgenteReactivo.factoriaEInterfaces.imp.AgenteReactivoImp2  - GestorOrganizacion: Ha llegado un evento por el interfaz de Uso:icaro.infraestructura.entidadesBasicas.comunicacion.EventoRecAgte@54a9015b
7153 [pool-2-thread-1] DEBUG icaro.infraestructura.patronAgenteReactivo.factoriaEInterfaces.imp.AgenteReactivoImp2  - GestorRecursos: Ha llegado un mensaje por el interfaz de Uso:Emisor: GestorOrganizacion, Receptor: GestorRecursos
7186 [pool-3-thread-1] DEBUG icaro.infraestructura.patronAgenteReactivo.factoriaEInterfaces.imp.AgenteReactivoImp2  - GestorRecursos: termina()
9158 [Thread-5] DEBUG icaro.infraestructura.patronAgenteReactivo.factoriaEInterfaces.imp.AgenteReactivoImp2  - GestorOrganizacion: Ha llegado un evento por el interfaz de Uso:icaro.infraestructura.entidadesBasicas.comunicacion.EventoRecAgte@778bd1b6
9207 [pool-2-thread-1] DEBUG icaro.infraestructura.patronAgenteReactivo.factoriaEInterfaces.imp.AgenteReactivoImp2  - GestorOrganizacion: termina()
55755 [AWT-EventQueue-0] DEBUG icaro.infraestructura.patronAgenteReactivo.factoriaEInterfaces.imp.AgenteReactivoImp2  - GestorOrganizacion: Ha llegado un evento por el interfaz de Uso:icaro.infraestructura.entidadesBasicas.comunicacion.EventoRecAgte@5a642039
56963 [pool-2-thread-1] DEBUG icaro.infraestructura.patronAgenteReactivo.factoriaEInterfaces.imp.AgenteReactivoImp2  - GestorOrganizacion: Ha llegado un evento por el interfaz de Uso:icaro.infraestructura.entidadesBasicas.comunicacion.EventoRecAgte@4ef95b1f
56975 [pool-2-thread-1] DEBUG icaro.infraestructura.patronAgenteReactivo.factoriaEInterfaces.imp.AgenteReactivoImp2  - GestorOrganizacion: Ha llegado un evento por el interfaz de Uso:icaro.infraestructura.entidadesBasicas.comunicacion.EventoRecAgte@206541f4
57028 [pool-2-thread-1] DEBUG icaro.infraestructura.patronAgenteReactivo.factoriaEInterfaces.imp.AgenteReactivoImp2  - GestorAgentes: Ha llegado un mensaje por el interfaz de Uso:Emisor: GestorOrganizacion, Receptor: GestorAgentes
59032 [Thread-4] DEBUG icaro.infraestructura.patronAgenteReactivo.factoriaEInterfaces.imp.AgenteReactivoImp2  - GestorOrganizacion: Ha llegado un evento por el interfaz de Uso:icaro.infraestructura.entidadesBasicas.comunicacion.EventoRecAgte@78766af6
59074 [pool-2-thread-1] DEBUG icaro.infraestructura.patronAgenteReactivo.factoriaEInterfaces.imp.AgenteReactivoImp2  - GestorRecursos: Ha llegado un mensaje por el interfaz de Uso:Emisor: GestorOrganizacion, Receptor: GestorRecursos
59110 [pool-3-thread-1] DEBUG icaro.infraestructura.patronAgenteReactivo.factoriaEInterfaces.imp.AgenteReactivoImp2  - GestorRecursos: termina()
61080 [Thread-5] DEBUG icaro.infraestructura.patronAgenteReactivo.factoriaEInterfaces.imp.AgenteReactivoImp2  - GestorOrganizacion: Ha llegado un evento por el interfaz de Uso:icaro.infraestructura.entidadesBasicas.comunicacion.EventoRecAgte@70a5e79b
61125 [pool-2-thread-1] DEBUG icaro.infraestructura.patronAgenteReactivo.factoriaEInterfaces.imp.AgenteReactivoImp2  - GestorOrganizacion: termina()
90   [main] DEBUG icaro.infraestructura.patronAgenteReactivo.factoriaEInterfaces.imp.AgenteReactivoImp2  - Iniciador: arranca()
420  [pool-1-thread-1] DEBUG icaro.infraestructura.patronAgenteReactivo.factoriaEInterfaces.imp.AgenteReactivoImp2  - GestorOrganizacion: arranca()
460  [pool-1-thread-1] DEBUG icaro.infraestructura.patronAgenteReactivo.factoriaEInterfaces.imp.AgenteReactivoImp2  - Iniciador: termina()
510  [pool-2-thread-1] DEBUG icaro.infraestructura.patronAgenteReactivo.factoriaEInterfaces.imp.AgenteReactivoImp2  - GestorRecursos: arranca()
530  [pool-2-thread-1] DEBUG icaro.infraestructura.patronAgenteReactivo.factoriaEInterfaces.imp.AgenteReactivoImp2  - GestorAgentes: arranca()
6291 [AWT-EventQueue-0] DEBUG icaro.infraestructura.patronAgenteReactivo.factoriaEInterfaces.imp.AgenteReactivoImp2  - GestorOrganizacion: Ha llegado un evento por el interfaz de Uso:icaro.infraestructura.entidadesBasicas.comunicacion.EventoRecAgte@64dfda4d
8142 [pool-2-thread-1] DEBUG icaro.infraestructura.patronAgenteReactivo.factoriaEInterfaces.imp.AgenteReactivoImp2  - GestorOrganizacion: Ha llegado un evento por el interfaz de Uso:icaro.infraestructura.entidadesBasicas.comunicacion.EventoRecAgte@5354703
8152 [pool-2-thread-1] DEBUG icaro.infraestructura.patronAgenteReactivo.factoriaEInterfaces.imp.AgenteReactivoImp2  - GestorOrganizacion: Ha llegado un evento por el interfaz de Uso:icaro.infraestructura.entidadesBasicas.comunicacion.EventoRecAgte@299d93d7
8212 [pool-2-thread-1] DEBUG icaro.infraestructura.patronAgenteReactivo.factoriaEInterfaces.imp.AgenteReactivoImp2  - GestorAgentes: Ha llegado un mensaje por el interfaz de Uso:Emisor: GestorOrganizacion, Receptor: GestorAgentes
10212 [Thread-4] DEBUG icaro.infraestructura.patronAgenteReactivo.factoriaEInterfaces.imp.AgenteReactivoImp2  - GestorOrganizacion: Ha llegado un evento por el interfaz de Uso:icaro.infraestructura.entidadesBasicas.comunicacion.EventoRecAgte@73cc91b6
10252 [pool-2-thread-1] DEBUG icaro.infraestructura.patronAgenteReactivo.factoriaEInterfaces.imp.AgenteReactivoImp2  - GestorRecursos: Ha llegado un mensaje por el interfaz de Uso:Emisor: GestorOrganizacion, Receptor: GestorRecursos
10282 [pool-3-thread-1] DEBUG icaro.infraestructura.patronAgenteReactivo.factoriaEInterfaces.imp.AgenteReactivoImp2  - GestorRecursos: termina()
12253 [Thread-5] DEBUG icaro.infraestructura.patronAgenteReactivo.factoriaEInterfaces.imp.AgenteReactivoImp2  - GestorOrganizacion: Ha llegado un evento por el interfaz de Uso:icaro.infraestructura.entidadesBasicas.comunicacion.EventoRecAgte@7c14636e
12293 [pool-2-thread-1] DEBUG icaro.infraestructura.patronAgenteReactivo.factoriaEInterfaces.imp.AgenteReactivoImp2  - GestorOrganizacion: termina()
90   [main] DEBUG icaro.infraestructura.patronAgenteReactivo.factoriaEInterfaces.imp.AgenteReactivoImp2  - Iniciador: arranca()
415  [pool-1-thread-1] DEBUG icaro.infraestructura.patronAgenteReactivo.factoriaEInterfaces.imp.AgenteReactivoImp2  - GestorOrganizacion: arranca()
445  [pool-1-thread-1] DEBUG icaro.infraestructura.patronAgenteReactivo.factoriaEInterfaces.imp.AgenteReactivoImp2  - Iniciador: termina()
500  [pool-2-thread-1] DEBUG icaro.infraestructura.patronAgenteReactivo.factoriaEInterfaces.imp.AgenteReactivoImp2  - GestorRecursos: arranca()
525  [pool-2-thread-1] DEBUG icaro.infraestructura.patronAgenteReactivo.factoriaEInterfaces.imp.AgenteReactivoImp2  - GestorAgentes: arranca()
5756 [AWT-EventQueue-0] DEBUG icaro.infraestructura.patronAgenteReactivo.factoriaEInterfaces.imp.AgenteReactivoImp2  - GestorOrganizacion: Ha llegado un evento por el interfaz de Uso:icaro.infraestructura.entidadesBasicas.comunicacion.EventoRecAgte@43c07eae
7161 [pool-2-thread-1] DEBUG icaro.infraestructura.patronAgenteReactivo.factoriaEInterfaces.imp.AgenteReactivoImp2  - GestorOrganizacion: Ha llegado un evento por el interfaz de Uso:icaro.infraestructura.entidadesBasicas.comunicacion.EventoRecAgte@9d809c
7171 [pool-2-thread-1] DEBUG icaro.infraestructura.patronAgenteReactivo.factoriaEInterfaces.imp.AgenteReactivoImp2  - GestorOrganizacion: Ha llegado un evento por el interfaz de Uso:icaro.infraestructura.entidadesBasicas.comunicacion.EventoRecAgte@d905d00
7241 [pool-2-thread-1] DEBUG icaro.infraestructura.patronAgenteReactivo.factoriaEInterfaces.imp.AgenteReactivoImp2  - GestorAgentes: Ha llegado un mensaje por el interfaz de Uso:Emisor: GestorOrganizacion, Receptor: GestorAgentes
9252 [Thread-4] DEBUG icaro.infraestructura.patronAgenteReactivo.factoriaEInterfaces.imp.AgenteReactivoImp2  - GestorOrganizacion: Ha llegado un evento por el interfaz de Uso:icaro.infraestructura.entidadesBasicas.comunicacion.EventoRecAgte@17e3121a
9287 [pool-2-thread-1] DEBUG icaro.infraestructura.patronAgenteReactivo.factoriaEInterfaces.imp.AgenteReactivoImp2  - GestorRecursos: Ha llegado un mensaje por el interfaz de Uso:Emisor: GestorOrganizacion, Receptor: GestorRecursos
9312 [pool-3-thread-1] DEBUG icaro.infraestructura.patronAgenteReactivo.factoriaEInterfaces.imp.AgenteReactivoImp2  - GestorRecursos: termina()
11287 [Thread-5] DEBUG icaro.infraestructura.patronAgenteReactivo.factoriaEInterfaces.imp.AgenteReactivoImp2  - GestorOrganizacion: Ha llegado un evento por el interfaz de Uso:icaro.infraestructura.entidadesBasicas.comunicacion.EventoRecAgte@5978837b
11332 [pool-2-thread-1] DEBUG icaro.infraestructura.patronAgenteReactivo.factoriaEInterfaces.imp.AgenteReactivoImp2  - GestorOrganizacion: termina()
80   [main] DEBUG icaro.infraestructura.patronAgenteReactivo.factoriaEInterfaces.imp.AgenteReactivoImp2  - Iniciador: arranca()
375  [pool-1-thread-1] DEBUG icaro.infraestructura.patronAgenteReactivo.factoriaEInterfaces.imp.AgenteReactivoImp2  - GestorOrganizacion: arranca()
400  [pool-1-thread-1] DEBUG icaro.infraestructura.patronAgenteReactivo.factoriaEInterfaces.imp.AgenteReactivoImp2  - Iniciador: termina()
450  [pool-2-thread-1] DEBUG icaro.infraestructura.patronAgenteReactivo.factoriaEInterfaces.imp.AgenteReactivoImp2  - GestorRecursos: arranca()
475  [pool-2-thread-1] DEBUG icaro.infraestructura.patronAgenteReactivo.factoriaEInterfaces.imp.AgenteReactivoImp2  - GestorAgentes: arranca()
4090 [AWT-EventQueue-0] DEBUG icaro.infraestructura.patronAgenteReactivo.factoriaEInterfaces.imp.AgenteReactivoImp2  - GestorOrganizacion: Ha llegado un evento por el interfaz de Uso:icaro.infraestructura.entidadesBasicas.comunicacion.EventoRecAgte@289397a1
6956 [pool-2-thread-1] DEBUG icaro.infraestructura.patronAgenteReactivo.factoriaEInterfaces.imp.AgenteReactivoImp2  - GestorOrganizacion: Ha llegado un evento por el interfaz de Uso:icaro.infraestructura.entidadesBasicas.comunicacion.EventoRecAgte@7a37e20d
6961 [pool-2-thread-1] DEBUG icaro.infraestructura.patronAgenteReactivo.factoriaEInterfaces.imp.AgenteReactivoImp2  - GestorOrganizacion: Ha llegado un evento por el interfaz de Uso:icaro.infraestructura.entidadesBasicas.comunicacion.EventoRecAgte@5c0602ea
7031 [pool-2-thread-1] DEBUG icaro.infraestructura.patronAgenteReactivo.factoriaEInterfaces.imp.AgenteReactivoImp2  - GestorAgentes: Ha llegado un mensaje por el interfaz de Uso:Emisor: GestorOrganizacion, Receptor: GestorAgentes
9037 [Thread-4] DEBUG icaro.infraestructura.patronAgenteReactivo.factoriaEInterfaces.imp.AgenteReactivoImp2  - GestorOrganizacion: Ha llegado un evento por el interfaz de Uso:icaro.infraestructura.entidadesBasicas.comunicacion.EventoRecAgte@12138756
9072 [pool-2-thread-1] DEBUG icaro.infraestructura.patronAgenteReactivo.factoriaEInterfaces.imp.AgenteReactivoImp2  - GestorRecursos: Ha llegado un mensaje por el interfaz de Uso:Emisor: GestorOrganizacion, Receptor: GestorRecursos
9112 [pool-3-thread-1] DEBUG icaro.infraestructura.patronAgenteReactivo.factoriaEInterfaces.imp.AgenteReactivoImp2  - GestorRecursos: termina()
11077 [Thread-5] DEBUG icaro.infraestructura.patronAgenteReactivo.factoriaEInterfaces.imp.AgenteReactivoImp2  - GestorOrganizacion: Ha llegado un evento por el interfaz de Uso:icaro.infraestructura.entidadesBasicas.comunicacion.EventoRecAgte@7326a547
11112 [pool-2-thread-1] DEBUG icaro.infraestructura.patronAgenteReactivo.factoriaEInterfaces.imp.AgenteReactivoImp2  - GestorOrganizacion: termina()
80   [main] DEBUG icaro.infraestructura.patronAgenteReactivo.factoriaEInterfaces.imp.AgenteReactivoImp2  - Iniciador: arranca()
410  [pool-1-thread-1] DEBUG icaro.infraestructura.patronAgenteReactivo.factoriaEInterfaces.imp.AgenteReactivoImp2  - GestorOrganizacion: arranca()
440  [pool-1-thread-1] DEBUG icaro.infraestructura.patronAgenteReactivo.factoriaEInterfaces.imp.AgenteReactivoImp2  - Iniciador: termina()
490  [pool-2-thread-1] DEBUG icaro.infraestructura.patronAgenteReactivo.factoriaEInterfaces.imp.AgenteReactivoImp2  - GestorRecursos: arranca()
510  [pool-2-thread-1] DEBUG icaro.infraestructura.patronAgenteReactivo.factoriaEInterfaces.imp.AgenteReactivoImp2  - GestorAgentes: arranca()
8951 [AWT-EventQueue-0] DEBUG icaro.infraestructura.patronAgenteReactivo.factoriaEInterfaces.imp.AgenteReactivoImp2  - GestorOrganizacion: Ha llegado un evento por el interfaz de Uso:icaro.infraestructura.entidadesBasicas.comunicacion.EventoRecAgte@777a60d9
10972 [pool-2-thread-1] DEBUG icaro.infraestructura.patronAgenteReactivo.factoriaEInterfaces.imp.AgenteReactivoImp2  - GestorOrganizacion: Ha llegado un evento por el interfaz de Uso:icaro.infraestructura.entidadesBasicas.comunicacion.EventoRecAgte@666717c9
10982 [pool-2-thread-1] DEBUG icaro.infraestructura.patronAgenteReactivo.factoriaEInterfaces.imp.AgenteReactivoImp2  - GestorOrganizacion: Ha llegado un evento por el interfaz de Uso:icaro.infraestructura.entidadesBasicas.comunicacion.EventoRecAgte@18b6fffa
11022 [pool-2-thread-1] DEBUG icaro.infraestructura.patronAgenteReactivo.factoriaEInterfaces.imp.AgenteReactivoImp2  - GestorAgentes: Ha llegado un mensaje por el interfaz de Uso:Emisor: GestorOrganizacion, Receptor: GestorAgentes
13032 [Thread-4] DEBUG icaro.infraestructura.patronAgenteReactivo.factoriaEInterfaces.imp.AgenteReactivoImp2  - GestorOrganizacion: Ha llegado un evento por el interfaz de Uso:icaro.infraestructura.entidadesBasicas.comunicacion.EventoRecAgte@2ad758a9
13072 [pool-2-thread-1] DEBUG icaro.infraestructura.patronAgenteReactivo.factoriaEInterfaces.imp.AgenteReactivoImp2  - GestorRecursos: Ha llegado un mensaje por el interfaz de Uso:Emisor: GestorOrganizacion, Receptor: GestorRecursos
13102 [pool-3-thread-1] DEBUG icaro.infraestructura.patronAgenteReactivo.factoriaEInterfaces.imp.AgenteReactivoImp2  - GestorRecursos: termina()
15072 [Thread-5] DEBUG icaro.infraestructura.patronAgenteReactivo.factoriaEInterfaces.imp.AgenteReactivoImp2  - GestorOrganizacion: Ha llegado un evento por el interfaz de Uso:icaro.infraestructura.entidadesBasicas.comunicacion.EventoRecAgte@7b40f5b7
15112 [pool-2-thread-1] DEBUG icaro.infraestructura.patronAgenteReactivo.factoriaEInterfaces.imp.AgenteReactivoImp2  - GestorOrganizacion: termina()
110  [main] DEBUG icaro.infraestructura.patronAgenteReactivo.factoriaEInterfaces.imp.AgenteReactivoImp2  - Iniciador: arranca()
440  [pool-1-thread-1] DEBUG icaro.infraestructura.patronAgenteReactivo.factoriaEInterfaces.imp.AgenteReactivoImp2  - GestorOrganizacion: arranca()
470  [pool-1-thread-1] DEBUG icaro.infraestructura.patronAgenteReactivo.factoriaEInterfaces.imp.AgenteReactivoImp2  - Iniciador: termina()
530  [pool-2-thread-1] DEBUG icaro.infraestructura.patronAgenteReactivo.factoriaEInterfaces.imp.AgenteReactivoImp2  - GestorRecursos: arranca()
550  [pool-2-thread-1] DEBUG icaro.infraestructura.patronAgenteReactivo.factoriaEInterfaces.imp.AgenteReactivoImp2  - GestorAgentes: arranca()
5990 [AWT-EventQueue-0] DEBUG icaro.infraestructura.patronAgenteReactivo.factoriaEInterfaces.imp.AgenteReactivoImp2  - GestorOrganizacion: Ha llegado un evento por el interfaz de Uso:icaro.infraestructura.entidadesBasicas.comunicacion.EventoRecAgte@7eba45f8
7200 [pool-2-thread-1] DEBUG icaro.infraestructura.patronAgenteReactivo.factoriaEInterfaces.imp.AgenteReactivoImp2  - GestorOrganizacion: Ha llegado un evento por el interfaz de Uso:icaro.infraestructura.entidadesBasicas.comunicacion.EventoRecAgte@432c2a5e
7210 [pool-2-thread-1] DEBUG icaro.infraestructura.patronAgenteReactivo.factoriaEInterfaces.imp.AgenteReactivoImp2  - GestorOrganizacion: Ha llegado un evento por el interfaz de Uso:icaro.infraestructura.entidadesBasicas.comunicacion.EventoRecAgte@3fcef3a3
7250 [pool-2-thread-1] DEBUG icaro.infraestructura.patronAgenteReactivo.factoriaEInterfaces.imp.AgenteReactivoImp2  - GestorAgentes: Ha llegado un mensaje por el interfaz de Uso:Emisor: GestorOrganizacion, Receptor: GestorAgentes
9261 [Thread-4] DEBUG icaro.infraestructura.patronAgenteReactivo.factoriaEInterfaces.imp.AgenteReactivoImp2  - GestorOrganizacion: Ha llegado un evento por el interfaz de Uso:icaro.infraestructura.entidadesBasicas.comunicacion.EventoRecAgte@78766af6
9301 [pool-2-thread-1] DEBUG icaro.infraestructura.patronAgenteReactivo.factoriaEInterfaces.imp.AgenteReactivoImp2  - GestorRecursos: Ha llegado un mensaje por el interfaz de Uso:Emisor: GestorOrganizacion, Receptor: GestorRecursos
9341 [pool-3-thread-1] DEBUG icaro.infraestructura.patronAgenteReactivo.factoriaEInterfaces.imp.AgenteReactivoImp2  - GestorRecursos: termina()
11301 [Thread-5] DEBUG icaro.infraestructura.patronAgenteReactivo.factoriaEInterfaces.imp.AgenteReactivoImp2  - GestorOrganizacion: Ha llegado un evento por el interfaz de Uso:icaro.infraestructura.entidadesBasicas.comunicacion.EventoRecAgte@798726c7
11341 [pool-2-thread-1] DEBUG icaro.infraestructura.patronAgenteReactivo.factoriaEInterfaces.imp.AgenteReactivoImp2  - GestorOrganizacion: termina()
